TN:
SF:src\app.js
FN:9,(anonymous_0)
FN:20,(anonymous_1)
FN:27,(anonymous_2)
FN:88,(anonymous_3)
FN:96,parseBooleanEnv
FN:101,legacyFileAccessBlocked
FN:122,trimTrailingSlash
FN:126,getFrontendRedirectBaseUrl
FN:136,redirectPaymentReturn
FN:137,(anonymous_9)
FN:141,(anonymous_10)
FN:143,(anonymous_11)
FN:179,(anonymous_12)
FN:186,(anonymous_13)
FNF:14
FNH:5
FNDA:70,(anonymous_0)
FNDA:6,(anonymous_1)
FNDA:70,(anonymous_2)
FNDA:0,(anonymous_3)
FNDA:6,parseBooleanEnv
FNDA:0,legacyFileAccessBlocked
FNDA:0,trimTrailingSlash
FNDA:0,getFrontendRedirectBaseUrl
FNDA:24,redirectPaymentReturn
FNDA:0,(anonymous_9)
FNDA:0,(anonymous_10)
FNDA:0,(anonymous_11)
FNDA:0,(anonymous_12)
FNDA:0,(anonymous_13)
DA:1,6
DA:2,6
DA:3,6
DA:4,6
DA:5,6
DA:7,6
DA:9,6
DA:10,70
DA:11,70
DA:12,70
DA:13,70
DA:16,6
DA:18,6
DA:20,6
DA:23,6
DA:24,6
DA:26,6
DA:28,70
DA:33,70
DA:35,0
DA:40,6
DA:41,6
DA:43,6
DA:44,6
DA:45,6
DA:46,6
DA:49,6
DA:50,6
DA:51,6
DA:52,6
DA:53,6
DA:54,6
DA:55,6
DA:56,6
DA:57,6
DA:58,6
DA:59,6
DA:60,6
DA:62,6
DA:63,6
DA:64,6
DA:65,6
DA:66,6
DA:67,6
DA:68,6
DA:69,6
DA:70,6
DA:71,6
DA:78,6
DA:85,6
DA:86,6
DA:88,6
DA:89,0
DA:97,6
DA:98,6
DA:102,0
DA:108,6
DA:110,6
DA:111,0
DA:112,0
DA:113,0
DA:114,0
DA:115,0
DA:117,6
DA:118,6
DA:119,6
DA:123,0
DA:127,0
DA:137,24
DA:138,0
DA:139,0
DA:141,0
DA:142,0
DA:143,0
DA:144,0
DA:145,0
DA:148,0
DA:151,0
DA:152,0
DA:156,0
DA:157,0
DA:158,0
DA:159,0
DA:162,0
DA:163,0
DA:166,0
DA:168,0
DA:172,6
DA:173,6
DA:176,6
DA:177,6
DA:179,6
DA:180,0
DA:186,6
DA:187,0
DA:189,0
DA:190,0
DA:196,0
DA:197,0
DA:203,0
DA:204,0
DA:207,0
DA:213,6
LF:103
LH:66
BRDA:16,0,0,6
BRDA:16,0,1,6
BRDA:28,1,0,70
BRDA:28,1,1,0
BRDA:29,2,0,70
BRDA:29,2,1,0
BRDA:29,2,2,0
BRDA:29,2,3,0
BRDA:40,3,0,6
BRDA:40,3,1,6
BRDA:41,4,0,6
BRDA:41,4,1,6
BRDA:96,5,0,0
BRDA:97,6,0,0
BRDA:97,6,1,6
BRDA:97,7,0,6
BRDA:97,7,1,6
BRDA:97,7,2,6
BRDA:110,8,0,0
BRDA:110,8,1,6
BRDA:123,9,0,0
BRDA:123,9,1,0
BRDA:128,10,0,0
BRDA:128,10,1,0
BRDA:128,10,2,0
BRDA:128,10,3,0
BRDA:128,10,4,0
BRDA:141,11,0,0
BRDA:141,11,1,0
BRDA:142,12,0,0
BRDA:142,12,1,0
BRDA:144,13,0,0
BRDA:144,13,1,0
BRDA:144,14,0,0
BRDA:144,14,1,0
BRDA:144,14,2,0
BRDA:151,15,0,0
BRDA:151,15,1,0
BRDA:151,16,0,0
BRDA:151,16,1,0
BRDA:151,16,2,0
BRDA:157,17,0,0
BRDA:157,17,1,0
BRDA:158,18,0,0
BRDA:158,18,1,0
BRDA:187,19,0,0
BRDA:187,19,1,0
BRDA:189,20,0,0
BRDA:189,20,1,0
BRDA:196,21,0,0
BRDA:196,21,1,0
BRDA:203,22,0,0
BRDA:203,22,1,0
BRF:53
BRH:13
end_of_record
TN:
SF:src\config\database.js
FNF:0
FNH:0
DA:1,6
DA:2,6
DA:7,6
DA:9,6
DA:14,6
DA:31,6
LF:6
LH:6
BRDA:15,0,0,6
BRDA:15,0,1,0
BRDA:16,1,0,6
BRDA:16,1,1,0
BRDA:16,1,2,0
BRDA:17,2,0,6
BRDA:17,2,1,0
BRDA:17,2,2,0
BRDA:19,3,0,6
BRDA:19,3,1,0
BRDA:20,4,0,6
BRDA:20,4,1,0
BRF:12
BRH:5
end_of_record
TN:
SF:src\constants\lhu-status.constant.js
FN:24,normalizeLhuStatus
FN:66,isLhuEditableByQc
FN:70,isLhuEditableByPenyelia
FN:74,isSampleWaitingKasiReview
FNF:4
FNH:2
FNDA:6,normalizeLhuStatus
FNDA:4,isLhuEditableByQc
FNDA:0,isLhuEditableByPenyelia
FNDA:0,isSampleWaitingKasiReview
DA:1,3
DA:13,3
DA:25,6
DA:26,6
DA:33,3
DA:39,3
DA:48,3
DA:54,3
DA:56,3
DA:67,4
DA:71,0
DA:75,0
DA:80,3
LF:13
LH:11
BRDA:25,0,0,6
BRDA:25,0,1,1
BRDA:26,1,0,6
BRDA:26,1,1,6
BRDA:76,2,0,0
BRDA:76,2,1,0
BRF:6
BRH:4
end_of_record
TN:
SF:src\constants\notification.constant.js
FNF:0
FNH:0
DA:1,0
DA:39,0
DA:75,0
DA:81,0
LF:4
LH:0
BRF:0
BRH:0
end_of_record
TN:
SF:src\constants\request-status.js
FN:45,normalizeRequestStatus
FN:50,isWaitingSampleStatus
FN:55,getWaitingSampleStatusBySamplingType
FNF:3
FNH:2
FNDA:15,normalizeRequestStatus
FNDA:2,isWaitingSampleStatus
FNDA:0,getWaitingSampleStatusBySamplingType
DA:1,3
DA:26,3
DA:32,3
DA:46,15
DA:47,15
DA:51,2
DA:52,2
DA:56,0
DA:58,0
DA:59,0
DA:62,0
DA:63,0
DA:66,0
DA:69,3
LF:14
LH:8
BRDA:46,0,0,15
BRDA:46,0,1,1
BRDA:47,1,0,15
BRDA:47,1,1,13
BRDA:51,2,0,2
BRDA:51,2,1,0
BRDA:56,3,0,0
BRDA:56,3,1,0
BRDA:58,4,0,0
BRDA:58,4,1,0
BRDA:58,5,0,0
BRDA:58,5,1,0
BRDA:62,6,0,0
BRDA:62,6,1,0
BRF:14
BRH:5
end_of_record
TN:
SF:src\constants\roles.js
FNF:0
FNH:0
DA:1,7
LF:1
LH:1
BRF:0
BRH:0
end_of_record
TN:
SF:src\constants\workflow-status.constant.js
FNF:0
FNH:0
DA:1,1
DA:21,1
DA:32,1
DA:39,1
DA:48,1
LF:5
LH:5
BRF:0
BRH:0
end_of_record
TN:
SF:src\controllers\admin-account.controller.js
FN:4,getErrorCode
FN:31,getRoles
FN:41,getStaffAccounts
FN:51,getStaffAccountDetail
FN:61,createStaffAccount
FN:71,updateStaffStatus
FN:85,resetStaffPassword
FN:95,getCustomerAccounts
FN:105,getCustomerAccountDetail
FN:115,updateCustomerStatus
FN:129,resetCustomerPassword
FNF:11
FNH:0
FNDA:0,getErrorCode
FNDA:0,getRoles
FNDA:0,getStaffAccounts
FNDA:0,getStaffAccountDetail
FNDA:0,createStaffAccount
FNDA:0,updateStaffStatus
FNDA:0,resetStaffPassword
FNDA:0,getCustomerAccounts
FNDA:0,getCustomerAccountDetail
FNDA:0,updateCustomerStatus
FNDA:0,resetCustomerPassword
DA:1,6
DA:2,6
DA:5,0
DA:7,0
DA:14,0
DA:17,0
DA:18,0
DA:21,0
DA:25,0
DA:28,0
DA:32,0
DA:33,0
DA:34,0
DA:36,0
DA:37,0
DA:42,0
DA:43,0
DA:44,0
DA:46,0
DA:47,0
DA:52,0
DA:53,0
DA:54,0
DA:56,0
DA:57,0
DA:62,0
DA:63,0
DA:64,0
DA:66,0
DA:67,0
DA:72,0
DA:73,0
DA:78,0
DA:80,0
DA:81,0
DA:86,0
DA:87,0
DA:88,0
DA:90,0
DA:91,0
DA:96,0
DA:97,0
DA:98,0
DA:100,0
DA:101,0
DA:106,0
DA:107,0
DA:108,0
DA:110,0
DA:111,0
DA:116,0
DA:117,0
DA:122,0
DA:124,0
DA:125,0
DA:130,0
DA:131,0
DA:136,0
DA:138,0
DA:139,0
DA:144,6
LF:61
LH:3
BRDA:5,0,0,0
BRDA:5,0,1,0
BRDA:7,1,0,0
BRDA:7,1,1,0
BRDA:8,2,0,0
BRDA:8,2,1,0
BRDA:8,2,2,0
BRDA:8,2,3,0
BRDA:8,2,4,0
BRDA:17,3,0,0
BRDA:17,3,1,0
BRDA:21,4,0,0
BRDA:21,4,1,0
BRDA:22,5,0,0
BRDA:22,5,1,0
BRDA:75,6,0,0
BRDA:75,6,1,0
BRDA:119,7,0,0
BRDA:119,7,1,0
BRF:19
BRH:0
end_of_record
TN:
SF:src\controllers\admin-parameter.controller.js
FN:8,(anonymous_0)
FN:22,(anonymous_1)
FN:31,(anonymous_2)
FN:40,(anonymous_3)
FN:49,(anonymous_4)
FN:58,(anonymous_5)
FN:99,(anonymous_6)
FN:114,(anonymous_7)
FN:135,(anonymous_8)
FN:144,(anonymous_9)
FN:153,(anonymous_10)
FN:164,(anonymous_11)
FN:188,(anonymous_12)
FN:197,(anonymous_13)
FN:206,(anonymous_14)
FN:217,(anonymous_15)
FN:241,(anonymous_16)
FN:251,(anonymous_17)
FN:270,(anonymous_18)
FN:289,(anonymous_19)
FN:303,(anonymous_20)
FN:312,(anonymous_21)
FN:321,(anonymous_22)
FN:331,(anonymous_23)
FNF:24
FNH:0
FNDA:0,(anonymous_0)
FNDA:0,(anonymous_1)
FNDA:0,(anonymous_2)
FNDA:0,(anonymous_3)
FNDA:0,(anonymous_4)
FNDA:0,(anonymous_5)
FNDA:0,(anonymous_6)
FNDA:0,(anonymous_7)
FNDA:0,(anonymous_8)
FNDA:0,(anonymous_9)
FNDA:0,(anonymous_10)
FNDA:0,(anonymous_11)
FNDA:0,(anonymous_12)
FNDA:0,(anonymous_13)
FNDA:0,(anonymous_14)
FNDA:0,(anonymous_15)
FNDA:0,(anonymous_16)
FNDA:0,(anonymous_17)
FNDA:0,(anonymous_18)
FNDA:0,(anonymous_19)
FNDA:0,(anonymous_20)
FNDA:0,(anonymous_21)
FNDA:0,(anonymous_22)
FNDA:0,(anonymous_23)
DA:1,6
DA:9,0
DA:10,0
DA:11,0
DA:17,0
DA:18,0
DA:23,0
DA:24,0
DA:25,0
DA:27,0
DA:32,0
DA:33,0
DA:34,0
DA:36,0
DA:41,0
DA:42,0
DA:43,0
DA:45,0
DA:50,0
DA:51,0
DA:52,0
DA:54,0
DA:59,0
DA:60,0
DA:62,0
DA:68,0
DA:70,0
DA:71,0
DA:77,0
DA:85,0
DA:86,0
DA:92,0
DA:100,0
DA:101,0
DA:102,0
DA:103,0
DA:109,0
DA:110,0
DA:115,0
DA:116,0
DA:117,0
DA:118,0
DA:123,0
DA:124,0
DA:125,0
DA:127,0
DA:136,0
DA:137,0
DA:138,0
DA:140,0
DA:145,0
DA:146,0
DA:147,0
DA:149,0
DA:154,0
DA:155,0
DA:156,0
DA:157,0
DA:159,0
DA:160,0
DA:165,0
DA:166,0
DA:167,0
DA:168,0
DA:176,0
DA:177,0
DA:179,0
DA:180,0
DA:189,0
DA:190,0
DA:191,0
DA:193,0
DA:198,0
DA:199,0
DA:200,0
DA:202,0
DA:207,0
DA:208,0
DA:209,0
DA:210,0
DA:212,0
DA:213,0
DA:218,0
DA:219,0
DA:220,0
DA:221,0
DA:229,0
DA:230,0
DA:232,0
DA:233,0
DA:242,0
DA:243,0
DA:244,0
DA:245,0
DA:247,0
DA:252,0
DA:253,0
DA:254,0
DA:255,0
DA:258,0
DA:263,0
DA:271,0
DA:272,0
DA:273,0
DA:274,0
DA:277,0
DA:282,0
DA:290,0
DA:291,0
DA:292,0
DA:293,0
DA:295,0
DA:296,0
DA:304,0
DA:305,0
DA:306,0
DA:308,0
DA:313,0
DA:314,0
DA:315,0
DA:317,0
DA:322,0
DA:323,0
DA:324,0
DA:325,0
DA:327,0
DA:332,0
DA:333,0
DA:334,0
DA:335,0
DA:337,0
DA:342,6
LF:132
LH:2
BRDA:70,0,0,0
BRDA:70,0,1,0
BRDA:85,1,0,0
BRDA:85,1,1,0
BRDA:94,2,0,0
BRDA:94,2,1,0
BRDA:110,3,0,0
BRDA:110,3,1,0
BRDA:124,4,0,0
BRDA:124,4,1,0
BRDA:127,5,0,0
BRDA:127,5,1,0
BRDA:159,6,0,0
BRDA:159,6,1,0
BRDA:160,7,0,0
BRDA:160,7,1,0
BRDA:171,8,0,0
BRDA:171,8,1,0
BRDA:176,9,0,0
BRDA:176,9,1,0
BRDA:179,10,0,0
BRDA:179,10,1,0
BRDA:180,11,0,0
BRDA:180,11,1,0
BRDA:212,12,0,0
BRDA:212,12,1,0
BRDA:213,13,0,0
BRDA:213,13,1,0
BRDA:224,14,0,0
BRDA:224,14,1,0
BRDA:229,15,0,0
BRDA:229,15,1,0
BRDA:232,16,0,0
BRDA:232,16,1,0
BRDA:233,17,0,0
BRDA:233,17,1,0
BRDA:258,18,0,0
BRDA:258,18,1,0
BRDA:258,18,2,0
BRDA:258,18,3,0
BRDA:263,19,0,0
BRDA:263,19,1,0
BRDA:265,20,0,0
BRDA:265,20,1,0
BRDA:277,21,0,0
BRDA:277,21,1,0
BRDA:277,21,2,0
BRDA:277,21,3,0
BRDA:282,22,0,0
BRDA:282,22,1,0
BRDA:284,23,0,0
BRDA:284,23,1,0
BRDA:295,24,0,0
BRDA:295,24,1,0
BRDA:296,25,0,0
BRDA:296,25,1,0
BRDA:327,26,0,0
BRDA:327,26,1,0
BRDA:337,27,0,0
BRDA:337,27,1,0
BRF:60
BRH:0
end_of_record
TN:
SF:src\controllers\assignment.controller.js
FN:9,buildSignedWorksheetUrl
FN:19,attachSignedWorksheetUrl
FN:37,getCurrentNik
FN:41,requireValue
FN:51,compactRevisionNotes
FN:54,(anonymous_5)
FN:55,(anonymous_6)
FN:65,handleError
FN:74,getAnalysts
FN:87,getPendingItems
FN:100,createAssignment
FN:116,updateDetailDeadline
FN:142,getMonitor
FN:155,getTestingOverview
FN:168,getMyAssignments
FN:182,getAssignmentWorkDetail
FN:201,getLkaRevisionHistory
FN:220,saveWorksheetDraft
FN:241,saveWorksheetResults
FN:262,submitWorksheet
FN:283,getReviewQueue
FN:296,getReviewDetail
FN:310,reviewWorksheet
FN:339,approveWorksheet
FN:366,reviseWorksheet
FN:417,getAssignmentDetailsByPenugasan
FN:439,escapeHtml
FN:448,normalizeRequestPath
FN:465,resolveWorksheetAbsolutePath
FN:493,buildWorksheetPublicUrl
FN:496,(anonymous_30)
FN:502,previewWorksheet
FN:520,getWorksheetAccessUrl
FN:540,uploadWorksheetFile
FN:557,(anonymous_34)
FN:595,getKasiReviewQueue
FN:608,getKasiReviewHistory
FN:621,getKasiReviewDetail
FN:639,approveKasiReview
FN:670,reviseKasiReview
FN:725,getPendingKasiRevisionRequests
FN:738,reviewKasiRevisionRequest
FN:779,getSubkontrakItems
FN:792,saveSubkontrakResults
FN:812,(anonymous_44)
FNF:45
FNH:23
FNDA:0,buildSignedWorksheetUrl
FNDA:0,attachSignedWorksheetUrl
FNDA:11,getCurrentNik
FNDA:3,requireValue
FNDA:2,compactRevisionNotes
FNDA:2,(anonymous_5)
FNDA:2,(anonymous_6)
FNDA:1,handleError
FNDA:1,getAnalysts
FNDA:1,getPendingItems
FNDA:2,createAssignment
FNDA:0,updateDetailDeadline
FNDA:1,getMonitor
FNDA:1,getTestingOverview
FNDA:1,getMyAssignments
FNDA:1,getAssignmentWorkDetail
FNDA:0,getLkaRevisionHistory
FNDA:1,saveWorksheetDraft
FNDA:1,saveWorksheetResults
FNDA:1,submitWorksheet
FNDA:1,getReviewQueue
FNDA:1,getReviewDetail
FNDA:0,reviewWorksheet
FNDA:1,approveWorksheet
FNDA:1,reviseWorksheet
FNDA:0,getAssignmentDetailsByPenugasan
FNDA:0,escapeHtml
FNDA:0,normalizeRequestPath
FNDA:0,resolveWorksheetAbsolutePath
FNDA:0,buildWorksheetPublicUrl
FNDA:0,(anonymous_30)
FNDA:0,previewWorksheet
FNDA:0,getWorksheetAccessUrl
FNDA:0,uploadWorksheetFile
FNDA:0,(anonymous_34)
FNDA:0,getKasiReviewQueue
FNDA:0,getKasiReviewHistory
FNDA:1,getKasiReviewDetail
FNDA:1,approveKasiReview
FNDA:1,reviseKasiReview
FNDA:0,getPendingKasiRevisionRequests
FNDA:0,reviewKasiRevisionRequest
FNDA:0,getSubkontrakItems
FNDA:0,saveSubkontrakResults
FNDA:0,(anonymous_44)
DA:1,6
DA:3,6
DA:4,6
DA:5,6
DA:6,6
DA:7,6
DA:10,0
DA:16,0
DA:20,0
DA:22,0
DA:24,0
DA:26,0
DA:27,0
DA:29,0
DA:38,11
DA:42,3
DA:43,0
DA:44,0
DA:45,0
DA:48,3
DA:52,2
DA:53,2
DA:54,2
DA:55,2
DA:58,2
DA:59,2
DA:62,0
DA:66,1
DA:68,1
DA:75,1
DA:76,1
DA:78,1
DA:83,0
DA:88,1
DA:89,1
DA:91,1
DA:96,0
DA:101,2
DA:102,2
DA:103,2
DA:105,1
DA:111,1
DA:117,0
DA:118,0
DA:119,0
DA:121,0
DA:126,0
DA:132,0
DA:138,0
DA:143,1
DA:144,1
DA:146,1
DA:151,0
DA:156,1
DA:157,1
DA:159,1
DA:164,0
DA:169,1
DA:170,1
DA:171,1
DA:173,1
DA:178,0
DA:183,1
DA:184,1
DA:185,1
DA:187,1
DA:192,1
DA:197,0
DA:202,0
DA:203,0
DA:208,0
DA:210,0
DA:216,0
DA:221,1
DA:222,1
DA:223,1
DA:225,1
DA:231,1
DA:237,0
DA:242,1
DA:243,1
DA:244,1
DA:246,1
DA:252,1
DA:258,0
DA:263,1
DA:264,1
DA:265,1
DA:267,1
DA:273,1
DA:279,0
DA:284,1
DA:285,1
DA:287,1
DA:292,0
DA:297,1
DA:298,1
DA:299,1
DA:301,1
DA:306,0
DA:311,0
DA:312,0
DA:313,0
DA:315,0
DA:321,0
DA:322,0
DA:323,0
DA:325,0
DA:329,0
DA:335,0
DA:340,1
DA:341,1
DA:342,1
DA:344,1
DA:350,1
DA:351,1
DA:353,0
DA:356,1
DA:362,0
DA:367,1
DA:368,1
DA:369,1
DA:371,1
DA:394,1
DA:395,1
DA:404,0
DA:407,1
DA:413,0
DA:418,0
DA:419,0
DA:420,0
DA:428,0
DA:433,0
DA:437,6
DA:440,0
DA:449,0
DA:451,0
DA:453,0
DA:454,0
DA:455,0
DA:456,0
DA:459,0
DA:462,0
DA:466,0
DA:468,0
DA:472,0
DA:473,0
DA:476,0
DA:477,0
DA:480,0
DA:481,0
DA:483,0
DA:484,0
DA:487,0
DA:494,0
DA:496,0
DA:499,0
DA:503,0
DA:504,0
DA:506,0
DA:508,0
DA:509,0
DA:511,0
DA:516,0
DA:521,0
DA:522,0
DA:523,0
DA:525,0
DA:527,0
DA:536,0
DA:541,0
DA:542,0
DA:546,0
DA:547,0
DA:550,0
DA:551,0
DA:557,0
DA:558,0
DA:563,0
DA:565,0
DA:577,0
DA:586,0
DA:596,0
DA:597,0
DA:599,0
DA:604,0
DA:609,0
DA:610,0
DA:612,0
DA:617,0
DA:622,1
DA:623,1
DA:628,1
DA:630,1
DA:635,0
DA:640,1
DA:641,1
DA:643,1
DA:644,0
DA:650,1
DA:655,1
DA:660,1
DA:666,0
DA:671,1
DA:672,1
DA:674,1
DA:675,0
DA:681,1
DA:686,1
DA:687,1
DA:693,1
DA:695,1
DA:703,1
DA:704,1
DA:711,0
DA:714,1
DA:720,0
DA:726,0
DA:727,0
DA:729,0
DA:734,0
DA:739,0
DA:740,0
DA:741,0
DA:743,0
DA:749,0
DA:750,0
DA:751,0
DA:757,0
DA:766,0
DA:769,0
DA:775,0
DA:780,0
DA:781,0
DA:783,0
DA:788,0
DA:793,0
DA:794,0
DA:796,0
DA:797,0
DA:803,0
DA:809,0
DA:810,0
DA:811,0
DA:813,0
DA:817,0
DA:818,0
DA:821,0
DA:825,0
DA:831,0
DA:835,6
LF:251
LH:102
BRDA:9,0,0,0
BRDA:9,1,0,0
BRDA:16,2,0,0
BRDA:16,2,1,0
BRDA:20,3,0,0
BRDA:20,3,1,0
BRDA:20,4,0,0
BRDA:20,4,1,0
BRDA:22,5,0,0
BRDA:22,5,1,0
BRDA:24,6,0,0
BRDA:24,6,1,0
BRDA:31,7,0,0
BRDA:31,7,1,0
BRDA:32,8,0,0
BRDA:32,8,1,0
BRDA:38,9,0,11
BRDA:38,9,1,0
BRDA:38,9,2,0
BRDA:38,9,3,0
BRDA:42,10,0,0
BRDA:42,10,1,3
BRDA:42,11,0,3
BRDA:42,11,1,3
BRDA:51,12,0,0
BRDA:51,13,0,0
BRDA:52,14,0,2
BRDA:52,14,1,0
BRDA:54,15,0,2
BRDA:54,15,1,0
BRDA:54,15,2,0
BRDA:54,15,3,0
BRDA:55,16,0,2
BRDA:55,16,1,0
BRDA:58,17,0,2
BRDA:58,17,1,0
BRDA:62,18,0,0
BRDA:62,18,1,0
BRDA:65,19,0,1
BRDA:68,20,0,1
BRDA:68,20,1,1
BRDA:70,21,0,1
BRDA:70,21,1,0
BRDA:121,22,0,0
BRDA:121,22,1,0
BRDA:121,22,2,0
BRDA:121,22,3,0
BRDA:204,23,0,0
BRDA:204,23,1,0
BRDA:204,23,2,0
BRDA:321,24,0,0
BRDA:321,24,1,0
BRDA:321,25,0,0
BRDA:321,25,1,0
BRDA:321,26,0,0
BRDA:321,26,1,0
BRDA:375,27,0,1
BRDA:375,27,1,1
BRDA:375,27,2,1
BRDA:377,28,0,1
BRDA:377,28,1,1
BRDA:377,28,2,1
BRDA:377,28,3,1
BRDA:377,28,4,1
BRDA:383,29,0,1
BRDA:383,29,1,1
BRDA:383,29,2,1
BRDA:383,29,3,0
BRDA:383,29,4,0
BRDA:383,29,5,0
BRDA:389,30,0,1
BRDA:389,30,1,1
BRDA:389,30,2,1
BRDA:398,31,0,1
BRDA:398,31,1,0
BRDA:398,31,2,0
BRDA:398,31,3,0
BRDA:399,32,0,1
BRDA:399,32,1,1
BRDA:399,32,2,1
BRDA:399,32,3,1
BRDA:399,32,4,1
BRDA:401,33,0,1
BRDA:401,33,1,1
BRDA:401,33,2,1
BRDA:422,34,0,0
BRDA:422,34,1,0
BRDA:422,34,2,0
BRDA:422,34,3,0
BRDA:433,35,0,0
BRDA:433,35,1,0
BRDA:439,36,0,0
BRDA:448,37,0,0
BRDA:449,38,0,0
BRDA:449,38,1,0
BRDA:451,39,0,0
BRDA:451,39,1,0
BRDA:454,40,0,0
BRDA:454,40,1,0
BRDA:465,41,0,0
BRDA:472,42,0,0
BRDA:472,42,1,0
BRDA:476,43,0,0
BRDA:476,43,1,0
BRDA:483,44,0,0
BRDA:483,44,1,0
BRDA:493,45,0,0
BRDA:504,46,0,0
BRDA:504,46,1,0
BRDA:522,47,0,0
BRDA:522,47,1,0
BRDA:542,48,0,0
BRDA:542,48,1,0
BRDA:544,49,0,0
BRDA:544,49,1,0
BRDA:546,50,0,0
BRDA:546,50,1,0
BRDA:546,51,0,0
BRDA:546,51,1,0
BRDA:550,52,0,0
BRDA:550,52,1,0
BRDA:559,53,0,0
BRDA:559,53,1,0
BRDA:559,53,2,0
BRDA:567,54,0,0
BRDA:567,54,1,0
BRDA:568,55,0,0
BRDA:568,55,1,0
BRDA:569,56,0,0
BRDA:569,56,1,0
BRDA:582,57,0,0
BRDA:582,57,1,0
BRDA:624,58,0,1
BRDA:624,58,1,0
BRDA:643,59,0,0
BRDA:643,59,1,1
BRDA:651,60,0,1
BRDA:651,60,1,0
BRDA:674,61,0,0
BRDA:674,61,1,1
BRDA:682,62,0,1
BRDA:682,62,1,0
BRDA:686,63,0,1
BRDA:686,63,1,0
BRDA:686,63,2,0
BRDA:686,63,3,0
BRDA:686,63,4,0
BRDA:687,64,0,1
BRDA:687,64,1,0
BRDA:690,65,0,0
BRDA:690,65,1,0
BRDA:690,65,2,0
BRDA:693,66,0,1
BRDA:693,66,1,1
BRDA:693,66,2,1
BRDA:706,67,0,1
BRDA:706,67,1,0
BRDA:706,67,2,0
BRDA:706,68,0,1
BRDA:706,68,1,1
BRDA:706,68,2,1
BRDA:707,69,0,1
BRDA:707,69,1,1
BRDA:708,70,0,1
BRDA:708,70,1,0
BRDA:708,70,2,0
BRDA:750,71,0,0
BRDA:750,71,1,0
BRDA:752,72,0,0
BRDA:752,72,1,0
BRDA:753,73,0,0
BRDA:753,73,1,0
BRDA:753,74,0,0
BRDA:753,74,1,0
BRDA:753,74,2,0
BRDA:754,75,0,0
BRDA:754,75,1,0
BRDA:754,75,2,0
BRDA:758,76,0,0
BRDA:758,76,1,0
BRDA:759,77,0,0
BRDA:759,77,1,0
BRDA:759,77,2,0
BRDA:760,78,0,0
BRDA:760,78,1,0
BRDA:760,78,2,0
BRDA:761,79,0,0
BRDA:761,79,1,0
BRDA:761,79,2,0
BRDA:762,80,0,0
BRDA:762,80,1,0
BRDA:762,80,2,0
BRDA:796,81,0,0
BRDA:796,81,1,0
BRDA:813,82,0,0
BRDA:813,82,1,0
BRDA:817,83,0,0
BRDA:817,83,1,0
BRF:198
BRH:52
end_of_record
TN:
SF:src\controllers\auth.controller.js
FN:7,(anonymous_0)
FN:18,(anonymous_1)
FN:28,(anonymous_2)
FN:29,(anonymous_3)
FN:46,(anonymous_4)
FN:83,(anonymous_5)
FN:117,(anonymous_6)
FN:145,(anonymous_7)
FN:163,(anonymous_8)
FN:172,(anonymous_9)
FN:202,(anonymous_10)
FNF:11
FNH:10
FNDA:3,(anonymous_0)
FNDA:1,(anonymous_1)
FNDA:2,(anonymous_2)
FNDA:2,(anonymous_3)
FNDA:1,(anonymous_4)
FNDA:2,(anonymous_5)
FNDA:1,(anonymous_6)
FNDA:1,(anonymous_7)
FNDA:1,(anonymous_8)
FNDA:1,(anonymous_9)
FNDA:0,(anonymous_10)
DA:1,6
DA:2,6
DA:4,6
DA:5,6
DA:7,6
DA:8,3
DA:9,3
DA:18,6
DA:19,1
DA:20,1
DA:28,6
DA:29,2
DA:30,2
DA:31,2
DA:33,2
DA:34,2
DA:36,2
DA:37,2
DA:39,2
DA:41,2
DA:42,2
DA:46,6
DA:47,1
DA:48,1
DA:50,1
DA:57,1
DA:59,1
DA:65,0
DA:67,0
DA:68,0
DA:74,0
DA:75,0
DA:76,0
DA:79,0
DA:83,6
DA:84,2
DA:85,2
DA:86,2
DA:88,2
DA:90,1
DA:92,1
DA:98,1
DA:100,1
DA:101,1
DA:102,0
DA:103,1
DA:108,1
DA:109,0
DA:110,0
DA:113,1
DA:117,6
DA:118,1
DA:119,1
DA:120,1
DA:122,1
DA:123,0
DA:124,0
DA:127,1
DA:129,1
DA:131,1
DA:137,0
DA:138,0
DA:140,0
DA:141,0
DA:145,6
DA:146,1
DA:147,1
DA:148,1
DA:150,1
DA:151,1
DA:154,1
DA:155,1
DA:157,0
DA:158,0
DA:159,0
DA:163,6
DA:164,1
DA:165,1
DA:166,1
DA:168,0
DA:169,0
DA:172,6
DA:173,1
DA:174,1
DA:176,1
DA:178,1
DA:185,0
DA:187,0
DA:189,0
DA:193,0
DA:194,0
DA:195,0
DA:198,0
DA:202,6
DA:203,0
DA:204,0
DA:206,0
DA:212,0
DA:219,0
DA:221,0
DA:229,6
LF:101
LH:67
BRDA:4,0,0,6
BRDA:4,0,1,0
BRDA:5,1,0,6
BRDA:5,1,1,6
BRDA:12,2,0,0
BRDA:12,2,1,3
BRDA:23,3,0,0
BRDA:23,3,1,1
BRDA:28,4,0,0
BRDA:31,5,0,0
BRDA:31,5,1,2
BRDA:34,6,0,0
BRDA:34,6,1,2
BRDA:39,7,0,0
BRDA:39,7,1,2
BRDA:68,8,0,0
BRDA:68,8,1,0
BRDA:69,9,0,0
BRDA:69,9,1,0
BRDA:69,9,2,0
BRDA:69,9,3,0
BRDA:75,10,0,0
BRDA:75,10,1,0
BRDA:79,11,0,0
BRDA:79,11,1,0
BRDA:86,12,0,2
BRDA:86,12,1,0
BRDA:86,12,2,0
BRDA:101,13,0,0
BRDA:101,13,1,1
BRDA:103,14,0,1
BRDA:103,14,1,0
BRDA:104,15,0,1
BRDA:104,15,1,1
BRDA:104,15,2,1
BRDA:109,16,0,0
BRDA:109,16,1,0
BRDA:113,17,0,1
BRDA:113,17,1,0
BRDA:119,18,0,1
BRDA:119,18,1,0
BRDA:122,19,0,0
BRDA:122,19,1,1
BRDA:140,20,0,0
BRDA:140,20,1,0
BRDA:141,21,0,0
BRDA:141,21,1,0
BRDA:147,22,0,1
BRDA:147,22,1,0
BRDA:150,23,0,1
BRDA:150,23,1,0
BRDA:169,24,0,0
BRDA:169,24,1,0
BRDA:189,25,0,0
BRDA:189,25,1,0
BRDA:190,26,0,0
BRDA:190,26,1,0
BRDA:194,27,0,0
BRDA:194,27,1,0
BRDA:198,28,0,0
BRDA:198,28,1,0
BRDA:223,29,0,0
BRDA:223,29,1,0
BRF:63
BRH:19
end_of_record
TN:
SF:src\controllers\customer-request.controller.js
FN:15,(anonymous_0)
FN:35,(anonymous_1)
FN:43,(anonymous_2)
FN:54,(anonymous_3)
FN:68,(anonymous_4)
FN:81,(anonymous_5)
FN:94,(anonymous_6)
FN:106,(anonymous_7)
FN:107,(anonymous_8)
FN:127,(anonymous_9)
FN:140,ensureInvoiceDir
FN:146,resolvePublicFilePath
FN:155,safeInvoiceFileName
FN:162,getInvoiceWithAccess
FN:201,(anonymous_14)
FNF:15
FNH:9
FNDA:2,(anonymous_0)
FNDA:1,(anonymous_1)
FNDA:2,(anonymous_2)
FNDA:1,(anonymous_3)
FNDA:1,(anonymous_4)
FNDA:2,(anonymous_5)
FNDA:1,(anonymous_6)
FNDA:1,(anonymous_7)
FNDA:2,(anonymous_8)
FNDA:0,(anonymous_9)
FNDA:0,ensureInvoiceDir
FNDA:0,resolvePublicFilePath
FNDA:0,safeInvoiceFileName
FNDA:0,getInvoiceWithAccess
FNDA:0,(anonymous_14)
DA:1,6
DA:2,6
DA:7,6
DA:8,6
DA:9,6
DA:10,6
DA:11,6
DA:12,6
DA:13,6
DA:14,6
DA:15,6
DA:16,2
DA:17,2
DA:19,2
DA:20,2
DA:25,0
DA:28,2
DA:30,0
DA:31,0
DA:35,6
DA:36,1
DA:43,6
DA:44,2
DA:45,2
DA:46,2
DA:47,2
DA:49,0
DA:50,0
DA:54,6
DA:55,1
DA:56,1
DA:57,1
DA:58,1
DA:60,0
DA:61,0
DA:62,0
DA:63,0
DA:68,6
DA:69,1
DA:70,1
DA:71,1
DA:72,1
DA:74,0
DA:75,0
DA:76,0
DA:77,0
DA:81,6
DA:82,2
DA:83,2
DA:84,2
DA:86,2
DA:87,1
DA:88,1
DA:91,1
DA:92,1
DA:94,1
DA:95,1
DA:97,1
DA:107,1
DA:108,2
DA:109,0
DA:110,0
DA:116,1
DA:118,0
DA:119,0
DA:120,0
DA:123,0
DA:127,6
DA:128,0
DA:129,0
DA:130,0
DA:132,0
DA:133,0
DA:137,6
DA:138,6
DA:141,0
DA:142,0
DA:147,0
DA:149,0
DA:150,0
DA:152,0
DA:156,0
DA:163,0
DA:167,0
DA:168,0
DA:169,0
DA:170,0
DA:173,0
DA:183,0
DA:184,0
DA:185,0
DA:186,0
DA:189,0
DA:190,0
DA:192,0
DA:193,0
DA:194,0
DA:195,0
DA:198,0
DA:201,6
DA:202,0
DA:203,0
DA:205,0
DA:207,0
DA:209,0
DA:210,0
DA:212,0
DA:213,0
DA:214,0
DA:216,0
DA:217,0
DA:221,0
DA:223,0
DA:226,0
DA:231,0
DA:233,0
DA:234,0
DA:238,0
DA:239,0
DA:241,0
DA:243,0
DA:247,0
DA:248,0
DA:252,0
DA:254,0
DA:256,0
DA:258,0
DA:266,6
LF:128
LH:53
BRDA:21,0,0,2
BRDA:21,0,1,0
BRDA:31,1,0,0
BRDA:31,1,1,0
BRDA:50,2,0,0
BRDA:50,2,1,0
BRDA:61,3,0,0
BRDA:61,3,1,0
BRDA:62,4,0,0
BRDA:62,4,1,0
BRDA:75,5,0,0
BRDA:75,5,1,0
BRDA:76,6,0,0
BRDA:76,6,1,0
BRDA:77,7,0,0
BRDA:77,7,1,0
BRDA:86,8,0,1
BRDA:86,8,1,1
BRDA:91,9,0,1
BRDA:91,9,1,0
BRDA:91,9,2,0
BRDA:91,9,3,0
BRDA:91,9,4,0
BRDA:95,10,0,1
BRDA:95,10,1,0
BRDA:95,10,2,0
BRDA:100,11,0,1
BRDA:100,11,1,0
BRDA:100,11,2,0
BRDA:104,12,0,1
BRDA:104,12,1,0
BRDA:104,12,2,0
BRDA:108,13,0,0
BRDA:108,13,1,2
BRDA:109,14,0,0
BRDA:109,14,1,0
BRDA:119,15,0,0
BRDA:119,15,1,0
BRDA:120,16,0,0
BRDA:120,16,1,0
BRDA:122,17,0,0
BRDA:122,17,1,0
BRDA:141,18,0,0
BRDA:141,18,1,0
BRDA:147,19,0,0
BRDA:147,19,1,0
BRDA:156,20,0,0
BRDA:156,20,1,0
BRDA:167,21,0,0
BRDA:167,21,1,0
BRDA:183,22,0,0
BRDA:183,22,1,0
BRDA:190,23,0,0
BRDA:190,23,1,0
BRDA:190,23,2,0
BRDA:192,24,0,0
BRDA:192,24,1,0
BRDA:192,25,0,0
BRDA:192,25,1,0
BRDA:207,26,0,0
BRDA:207,26,1,0
BRDA:212,27,0,0
BRDA:212,27,1,0
BRDA:212,28,0,0
BRDA:212,28,1,0
BRDA:233,29,0,0
BRDA:233,29,1,0
BRDA:234,30,0,0
BRDA:234,30,1,0
BRDA:260,31,0,0
BRDA:260,31,1,0
BRDA:261,32,0,0
BRDA:261,32,1,0
BRF:73
BRH:8
end_of_record
TN:
SF:src\controllers\lhu-pickup.controller.js
FN:3,requireValue
FN:13,getCurrentNik
FN:17,handleError
FN:26,getPickupQueue
FN:39,schedulePickup
FN:86,completePickup
FNF:6
FNH:5
FNDA:5,requireValue
FNDA:2,getCurrentNik
FNDA:0,handleError
FNDA:1,getPickupQueue
FNDA:1,schedulePickup
FNDA:1,completePickup
DA:1,6
DA:4,5
DA:5,0
DA:6,0
DA:7,0
DA:10,5
DA:14,2
DA:18,0
DA:20,0
DA:27,1
DA:28,1
DA:30,1
DA:35,0
DA:40,1
DA:41,1
DA:43,1
DA:44,0
DA:50,1
DA:55,1
DA:60,1
DA:64,1
DA:66,1
DA:76,1
DA:82,0
DA:87,1
DA:88,1
DA:90,1
DA:91,0
DA:97,1
DA:102,1
DA:107,1
DA:115,1
DA:121,0
DA:125,6
LF:34
LH:24
BRDA:4,0,0,0
BRDA:4,0,1,5
BRDA:4,1,0,5
BRDA:4,1,1,5
BRDA:14,2,0,2
BRDA:14,2,1,0
BRDA:14,2,2,0
BRDA:14,2,3,0
BRDA:20,3,0,0
BRDA:20,3,1,0
BRDA:22,4,0,0
BRDA:22,4,1,0
BRDA:43,5,0,0
BRDA:43,5,1,1
BRDA:51,6,0,1
BRDA:51,6,1,0
BRDA:56,7,0,1
BRDA:56,7,1,0
BRDA:61,8,0,1
BRDA:61,8,1,0
BRDA:64,9,0,1
BRDA:64,9,1,0
BRDA:90,10,0,0
BRDA:90,10,1,1
BRDA:98,11,0,1
BRDA:98,11,1,0
BRDA:103,12,0,1
BRDA:103,12,1,0
BRF:28
BRH:12
end_of_record
TN:
SF:src\controllers\lhu.controller.js
FN:5,requireValue
FN:15,getCurrentNik
FN:19,handleError
FN:35,hideCustomerInfo
FN:68,getFinalizationQueue
FN:81,getFinalizationDetail
FN:99,getPaketBmOptions
FN:117,getPersonelOptions
FN:130,previewFinalization
FN:153,finalizeLhu
FN:199,getLhuDetail
FN:222,getKasiPengujianQueue
FN:230,approveKasiPengujian
FN:238,reviseKasiPengujian
FN:246,getFinalizationHistory
FN:259,getKalabApprovalQueue
FN:272,approveByKalab
FNF:17
FNH:7
FNDA:5,requireValue
FNDA:2,getCurrentNik
FNDA:0,handleError
FNDA:0,hideCustomerInfo
FNDA:1,getFinalizationQueue
FNDA:1,getFinalizationDetail
FNDA:1,getPaketBmOptions
FNDA:0,getPersonelOptions
FNDA:0,previewFinalization
FNDA:1,finalizeLhu
FNDA:0,getLhuDetail
FNDA:0,getKasiPengujianQueue
FNDA:0,approveKasiPengujian
FNDA:0,reviseKasiPengujian
FNDA:0,getFinalizationHistory
FNDA:0,getKalabApprovalQueue
FNDA:1,approveByKalab
DA:1,6
DA:2,6
DA:3,6
DA:6,5
DA:7,0
DA:8,0
DA:9,0
DA:12,5
DA:16,2
DA:20,0
DA:22,0
DA:23,0
DA:24,0
DA:25,0
DA:27,0
DA:36,0
DA:38,0
DA:40,0
DA:41,0
DA:42,0
DA:44,0
DA:45,0
DA:47,0
DA:48,0
DA:49,0
DA:50,0
DA:51,0
DA:52,0
DA:53,0
DA:54,0
DA:55,0
DA:56,0
DA:57,0
DA:60,0
DA:69,1
DA:70,1
DA:72,1
DA:77,0
DA:82,1
DA:83,1
DA:88,1
DA:90,1
DA:95,0
DA:100,1
DA:101,1
DA:106,1
DA:108,1
DA:113,0
DA:118,0
DA:119,0
DA:121,0
DA:126,0
DA:131,0
DA:132,0
DA:137,0
DA:142,0
DA:144,0
DA:149,0
DA:154,1
DA:155,1
DA:157,1
DA:158,0
DA:164,1
DA:169,1
DA:171,1
DA:177,1
DA:178,1
DA:182,0
DA:185,1
DA:191,0
DA:200,0
DA:201,0
DA:206,0
DA:208,0
DA:213,0
DA:223,0
DA:231,0
DA:239,0
DA:247,0
DA:248,0
DA:250,0
DA:255,0
DA:260,0
DA:261,0
DA:263,0
DA:268,0
DA:273,1
DA:274,1
DA:276,1
DA:277,0
DA:283,1
DA:293,1
DA:295,1
DA:296,1
DA:298,0
DA:301,1
DA:307,0
DA:311,6
LF:98
LH:35
BRDA:6,0,0,0
BRDA:6,0,1,5
BRDA:6,1,0,5
BRDA:6,1,1,5
BRDA:16,2,0,2
BRDA:16,2,1,0
BRDA:16,2,2,0
BRDA:16,2,3,0
BRDA:22,3,0,0
BRDA:22,3,1,0
BRDA:23,4,0,0
BRDA:23,4,1,0
BRDA:23,5,0,0
BRDA:23,5,1,0
BRDA:24,6,0,0
BRDA:24,6,1,0
BRDA:25,7,0,0
BRDA:25,7,1,0
BRDA:25,7,2,0
BRDA:30,8,0,0
BRDA:30,8,1,0
BRDA:31,9,0,0
BRDA:31,9,1,0
BRDA:36,10,0,0
BRDA:36,10,1,0
BRDA:36,11,0,0
BRDA:36,11,1,0
BRDA:44,12,0,0
BRDA:44,12,1,0
BRDA:84,13,0,1
BRDA:84,13,1,0
BRDA:84,13,2,0
BRDA:84,13,3,0
BRDA:102,14,0,1
BRDA:102,14,1,0
BRDA:102,14,2,0
BRDA:102,14,3,0
BRDA:133,15,0,0
BRDA:133,15,1,0
BRDA:133,15,2,0
BRDA:133,15,3,0
BRDA:138,16,0,0
BRDA:138,16,1,0
BRDA:142,17,0,0
BRDA:142,17,1,0
BRDA:157,18,0,0
BRDA:157,18,1,1
BRDA:165,19,0,1
BRDA:165,19,1,0
BRDA:165,19,2,0
BRDA:165,19,3,0
BRDA:165,19,4,0
BRDA:165,20,0,0
BRDA:165,20,1,0
BRDA:169,21,0,1
BRDA:169,21,1,0
BRDA:179,22,0,1
BRDA:179,22,1,1
BRDA:276,23,0,0
BRDA:276,23,1,1
BRDA:284,24,0,1
BRDA:284,24,1,0
BRDA:284,24,2,0
BRDA:284,24,3,0
BRDA:284,24,4,0
BRDA:284,24,5,0
BRDA:296,25,0,1
BRDA:296,25,1,0
BRDA:296,25,2,0
BRF:69
BRH:14
end_of_record
TN:
SF:src\controllers\lka-revision.controller.js
FN:5,success
FN:9,fail
FN:16,getByKodeLka
FN:26,getByTarget
FNF:4
FNH:0
FNDA:0,success
FNDA:0,fail
FNDA:0,getByKodeLka
FNDA:0,getByTarget
DA:3,6
DA:6,0
DA:10,0
DA:11,0
DA:13,0
DA:17,0
DA:18,0
DA:19,0
DA:20,0
DA:22,0
DA:27,0
DA:28,0
DA:29,0
DA:30,0
DA:31,0
DA:42,0
DA:46,6
LF:17
LH:2
BRDA:5,0,0,0
BRDA:9,1,0,0
BRDA:10,2,0,0
BRDA:10,2,1,0
BRDA:13,3,0,0
BRDA:13,3,1,0
BRDA:18,4,0,0
BRDA:18,4,1,0
BRDA:18,4,2,0
BRDA:28,5,0,0
BRDA:28,5,1,0
BRDA:28,5,2,0
BRDA:29,6,0,0
BRDA:29,6,1,0
BRDA:29,6,2,0
BRF:15
BRH:0
end_of_record
TN:
SF:src\controllers\reference.controller.js
FN:4,(anonymous_0)
FN:14,(anonymous_1)
FN:26,(anonymous_2)
FN:36,(anonymous_3)
FN:47,(anonymous_4)
FN:58,(anonymous_5)
FN:68,(anonymous_6)
FN:78,(anonymous_7)
FN:91,(anonymous_8)
FN:102,(anonymous_9)
FN:113,(anonymous_10)
FN:123,(anonymous_11)
FNF:12
FNH:0
FNDA:0,(anonymous_0)
FNDA:0,(anonymous_1)
FNDA:0,(anonymous_2)
FNDA:0,(anonymous_3)
FNDA:0,(anonymous_4)
FNDA:0,(anonymous_5)
FNDA:0,(anonymous_6)
FNDA:0,(anonymous_7)
FNDA:0,(anonymous_8)
FNDA:0,(anonymous_9)
FNDA:0,(anonymous_10)
FNDA:0,(anonymous_11)
DA:1,6
DA:2,6
DA:4,6
DA:5,0
DA:6,0
DA:7,0
DA:9,0
DA:10,0
DA:14,6
DA:15,0
DA:16,0
DA:17,0
DA:18,0
DA:20,0
DA:21,0
DA:26,6
DA:27,0
DA:28,0
DA:29,0
DA:31,0
DA:32,0
DA:36,6
DA:37,0
DA:38,0
DA:39,0
DA:40,0
DA:42,0
DA:43,0
DA:47,6
DA:48,0
DA:49,0
DA:50,0
DA:52,0
DA:53,0
DA:58,6
DA:59,0
DA:60,0
DA:61,0
DA:63,0
DA:64,0
DA:68,6
DA:69,0
DA:70,0
DA:71,0
DA:73,0
DA:74,0
DA:78,6
DA:79,0
DA:80,0
DA:81,0
DA:83,0
DA:84,0
DA:86,0
DA:87,0
DA:91,6
DA:92,0
DA:93,0
DA:94,0
DA:95,0
DA:97,0
DA:98,0
DA:102,6
DA:103,0
DA:104,0
DA:105,0
DA:107,0
DA:108,0
DA:113,6
DA:114,0
DA:115,0
DA:116,0
DA:118,0
DA:119,0
DA:123,6
DA:124,0
DA:125,0
DA:126,0
DA:128,0
DA:129,0
DA:133,6
LF:80
LH:15
BRDA:17,0,0,0
BRDA:17,0,1,0
BRDA:43,1,0,0
BRDA:43,1,1,0
BRDA:87,2,0,0
BRDA:87,2,1,0
BRDA:98,3,0,0
BRDA:98,3,1,0
BRDA:108,4,0,0
BRDA:108,4,1,0
BRDA:119,5,0,0
BRDA:119,5,1,0
BRDA:129,6,0,0
BRDA:129,6,1,0
BRF:14
BRH:0
end_of_record
TN:
SF:src\controllers\request-workflow.controller.js
FN:8,(anonymous_0)
FN:47,(anonymous_1)
FN:58,(anonymous_2)
FN:79,(anonymous_3)
FN:102,(anonymous_4)
FN:112,(anonymous_5)
FN:126,(anonymous_6)
FN:153,(anonymous_7)
FN:182,(anonymous_8)
FN:227,(anonymous_9)
FN:262,(anonymous_10)
FN:268,(anonymous_11)
FNF:12
FNH:8
FNDA:2,(anonymous_0)
FNDA:1,(anonymous_1)
FNDA:2,(anonymous_2)
FNDA:1,(anonymous_3)
FNDA:1,(anonymous_4)
FNDA:0,(anonymous_5)
FNDA:0,(anonymous_6)
FNDA:0,(anonymous_7)
FNDA:1,(anonymous_8)
FNDA:2,(anonymous_9)
FNDA:1,(anonymous_10)
FNDA:0,(anonymous_11)
DA:1,6
DA:2,6
DA:3,6
DA:4,6
DA:5,6
DA:6,6
DA:8,6
DA:9,2
DA:10,2
DA:11,2
DA:12,2
DA:14,2
DA:16,2
DA:17,2
DA:23,0
DA:26,2
DA:27,1
DA:28,1
DA:32,0
DA:36,2
DA:40,2
DA:42,0
DA:43,0
DA:47,6
DA:48,1
DA:49,1
DA:50,1
DA:51,1
DA:53,0
DA:54,0
DA:58,6
DA:59,2
DA:60,2
DA:61,2
DA:62,2
DA:64,2
DA:65,2
DA:69,0
DA:72,2
DA:74,0
DA:75,0
DA:79,6
DA:80,1
DA:81,1
DA:82,1
DA:83,1
DA:85,1
DA:86,1
DA:92,0
DA:95,1
DA:97,0
DA:98,0
DA:102,6
DA:103,1
DA:104,1
DA:105,1
DA:107,0
DA:108,0
DA:112,6
DA:113,0
DA:114,0
DA:115,0
DA:117,0
DA:119,0
DA:121,0
DA:122,0
DA:126,6
DA:127,0
DA:128,0
DA:129,0
DA:131,0
DA:133,0
DA:134,0
DA:139,0
DA:142,0
DA:148,0
DA:149,0
DA:153,6
DA:154,0
DA:155,0
DA:163,0
DA:165,0
DA:171,0
DA:175,0
DA:177,0
DA:178,0
DA:182,6
DA:183,1
DA:184,1
DA:185,1
DA:187,1
DA:194,1
DA:195,1
DA:200,0
DA:204,1
DA:208,1
DA:210,0
DA:211,0
DA:214,0
DA:223,0
DA:227,6
DA:228,2
DA:229,2
DA:230,2
DA:231,2
DA:232,2
DA:234,2
DA:235,0
DA:238,2
DA:240,1
DA:241,1
DA:247,0
DA:250,1
DA:251,1
DA:256,0
DA:259,1
DA:260,1
DA:262,1
DA:266,1
DA:267,1
DA:268,1
DA:269,0
DA:270,0
DA:272,0
DA:275,1
DA:276,0
DA:280,0
DA:283,1
DA:285,1
DA:286,1
DA:290,6
LF:131
LH:79
BRDA:12,0,0,2
BRDA:12,0,1,0
BRDA:12,0,2,0
BRDA:14,1,0,2
BRDA:14,1,1,0
BRDA:18,2,0,2
BRDA:18,2,1,0
BRDA:20,3,0,2
BRDA:20,3,1,1
BRDA:20,3,2,0
BRDA:26,4,0,1
BRDA:26,4,1,1
BRDA:29,5,0,1
BRDA:29,5,1,0
BRDA:36,6,0,1
BRDA:36,6,1,1
BRDA:43,7,0,0
BRDA:43,7,1,0
BRDA:54,8,0,0
BRDA:54,8,1,0
BRDA:66,9,0,2
BRDA:66,9,1,0
BRDA:75,10,0,0
BRDA:75,10,1,0
BRDA:83,11,0,1
BRDA:83,11,1,0
BRDA:87,12,0,1
BRDA:87,12,1,0
BRDA:89,13,0,1
BRDA:89,13,1,1
BRDA:89,13,2,0
BRDA:98,14,0,0
BRDA:98,14,1,0
BRDA:108,15,0,0
BRDA:108,15,1,0
BRDA:122,16,0,0
BRDA:122,16,1,0
BRDA:135,17,0,0
BRDA:135,17,1,0
BRDA:149,18,0,0
BRDA:149,18,1,0
BRDA:167,19,0,0
BRDA:167,19,1,0
BRDA:167,19,2,0
BRDA:168,20,0,0
BRDA:168,20,1,0
BRDA:168,20,2,0
BRDA:171,21,0,0
BRDA:171,21,1,0
BRDA:178,22,0,0
BRDA:178,22,1,0
BRDA:196,23,0,1
BRDA:196,23,1,0
BRDA:197,24,0,1
BRDA:197,24,1,1
BRDA:204,25,0,0
BRDA:204,25,1,1
BRDA:214,26,0,0
BRDA:214,26,1,0
BRDA:215,27,0,0
BRDA:215,27,1,0
BRDA:215,28,0,0
BRDA:215,28,1,0
BRDA:215,28,2,0
BRDA:215,28,3,0
BRDA:215,28,4,0
BRDA:223,29,0,0
BRDA:223,29,1,0
BRDA:230,30,0,2
BRDA:230,30,1,0
BRDA:231,31,0,0
BRDA:231,31,1,2
BRDA:234,32,0,0
BRDA:234,32,1,2
BRDA:242,33,0,1
BRDA:242,33,1,0
BRDA:252,34,0,1
BRDA:252,34,1,0
BRDA:253,35,0,1
BRDA:253,35,1,0
BRDA:253,35,2,0
BRDA:261,36,0,1
BRDA:261,36,1,0
BRDA:261,36,2,0
BRDA:262,37,0,1
BRDA:262,37,1,0
BRDA:266,38,0,1
BRDA:266,38,1,0
BRDA:269,39,0,0
BRDA:269,39,1,0
BRDA:270,40,0,0
BRDA:270,40,1,0
BRDA:272,41,0,0
BRDA:272,41,1,0
BRDA:275,42,0,0
BRDA:275,42,1,1
BRDA:286,43,0,1
BRDA:286,43,1,0
BRF:98
BRH:30
end_of_record
TN:
SF:src\controllers\schedule-change.controller.js
FN:3,getCurrentNik
FN:7,handleError
FN:15,confirmScheduleApproval
FN:27,createScheduleChangeRequest
FN:36,listScheduleChangeRequests
FN:48,decideScheduleChangeRequest
FN:61,cancelScheduleChangeRequest
FNF:7
FNH:5
FNDA:3,getCurrentNik
FNDA:0,handleError
FNDA:1,confirmScheduleApproval
FNDA:1,createScheduleChangeRequest
FNDA:1,listScheduleChangeRequests
FNDA:1,decideScheduleChangeRequest
FNDA:0,cancelScheduleChangeRequest
DA:1,6
DA:4,3
DA:8,0
DA:9,0
DA:16,1
DA:17,1
DA:21,1
DA:23,0
DA:28,1
DA:29,1
DA:30,1
DA:32,0
DA:37,1
DA:38,1
DA:42,1
DA:44,0
DA:49,1
DA:50,1
DA:55,1
DA:57,0
DA:62,0
DA:63,0
DA:68,0
DA:70,0
DA:74,6
LF:25
LH:15
BRDA:4,0,0,3
BRDA:4,0,1,0
BRDA:4,0,2,0
BRDA:4,0,3,0
BRDA:9,1,0,0
BRDA:9,1,1,0
BRDA:11,2,0,0
BRDA:11,2,1,0
BRDA:18,3,0,1
BRDA:18,3,1,0
BRDA:29,4,0,1
BRDA:29,4,1,0
BRDA:40,5,0,1
BRDA:40,5,1,1
BRDA:51,6,0,1
BRDA:51,6,1,0
BRDA:51,6,2,0
BRDA:52,7,0,1
BRDA:52,7,1,0
BRF:19
BRH:7
end_of_record
TN:
SF:src\controllers\xendit-webhook.controller.js
FN:7,(anonymous_0)
FNF:1
FNH:0
FNDA:0,(anonymous_0)
DA:1,0
DA:7,0
DA:8,0
DA:11,0
LF:4
LH:0
BRF:0
BRH:0
end_of_record
TN:
SF:src\jobs\deadline-analis.job.js
FN:8,getTodayKey
FN:16,shouldRunNow
FN:26,runDeadlineAnalisJob
FN:46,startDeadlineAnalisJob
FN:49,(anonymous_4)
FNF:5
FNH:0
FNDA:0,getTodayKey
FNDA:0,shouldRunNow
FNDA:0,runDeadlineAnalisJob
FNDA:0,startDeadlineAnalisJob
FNDA:0,(anonymous_4)
DA:1,0
DA:3,0
DA:5,0
DA:6,0
DA:9,0
DA:10,0
DA:11,0
DA:12,0
DA:13,0
DA:17,0
DA:18,0
DA:20,0
DA:23,0
DA:27,0
DA:29,0
DA:31,0
DA:33,0
DA:34,0
DA:38,0
DA:40,0
DA:42,0
DA:47,0
DA:49,0
DA:50,0
DA:54,0
LF:25
LH:0
BRDA:20,0,0,0
BRDA:20,0,1,0
BRDA:27,1,0,0
BRDA:27,1,1,0
BRDA:29,2,0,0
BRDA:29,2,1,0
BRDA:40,3,0,0
BRDA:40,3,1,0
BRF:8
BRH:0
end_of_record
TN:
SF:src\middlewares\auth.js
FN:7,(anonymous_0)
FN:35,(anonymous_1)
FN:36,(anonymous_2)
FNF:3
FNH:3
FNDA:64,(anonymous_0)
FNDA:422,(anonymous_1)
FNDA:62,(anonymous_2)
DA:1,7
DA:7,7
DA:8,64
DA:9,64
DA:11,64
DA:12,2
DA:18,62
DA:19,62
DA:20,62
DA:21,62
DA:23,0
DA:24,0
DA:35,7
DA:36,422
DA:37,62
DA:38,2
DA:43,60
DA:47,7
LF:18
LH:16
BRDA:9,0,0,64
BRDA:9,0,1,62
BRDA:11,1,0,2
BRDA:11,1,1,62
BRDA:23,2,0,0
BRDA:23,2,1,0
BRDA:26,3,0,0
BRDA:26,3,1,0
BRDA:37,4,0,2
BRDA:37,4,1,60
BRDA:37,5,0,62
BRDA:37,5,1,62
BRF:12
BRH:8
end_of_record
TN:
SF:src\middlewares\rate-limit.js
FN:1,getClientKey
FN:7,createRateLimit
FN:15,(anonymous_2)
FN:24,rateLimitMiddleware
FNF:4
FNH:3
FNDA:7,getClientKey
FNDA:24,createRateLimit
FNDA:0,(anonymous_2)
FNDA:7,rateLimitMiddleware
DA:2,7
DA:3,7
DA:4,7
DA:13,24
DA:15,24
DA:16,0
DA:17,0
DA:18,0
DA:22,24
DA:24,24
DA:25,7
DA:26,7
DA:27,7
DA:29,7
DA:30,3
DA:31,3
DA:34,7
DA:36,7
DA:37,7
DA:38,7
DA:40,7
DA:41,0
DA:42,0
DA:43,0
DA:49,7
DA:53,6
LF:26
LH:20
BRDA:1,0,0,0
BRDA:2,1,0,7
BRDA:2,1,1,7
BRDA:3,2,0,7
BRDA:3,2,1,7
BRDA:3,2,2,0
BRDA:3,2,3,0
BRDA:7,3,0,0
BRDA:8,4,0,0
BRDA:9,5,0,0
BRDA:10,6,0,0
BRDA:11,7,0,0
BRDA:18,8,0,0
BRDA:18,8,1,0
BRDA:18,9,0,0
BRDA:18,9,1,0
BRDA:22,10,0,24
BRDA:22,10,1,0
BRDA:29,11,0,3
BRDA:29,11,1,4
BRDA:29,12,0,7
BRDA:29,12,1,4
BRDA:40,13,0,0
BRDA:40,13,1,7
BRF:24
BRH:10
end_of_record
TN:
SF:src\middlewares\upload.middleware.js
FN:20,(anonymous_0)
FN:45,(anonymous_1)
FN:49,(anonymous_2)
FN:74,(anonymous_3)
FN:92,(anonymous_4)
FN:101,(anonymous_5)
FN:133,(anonymous_6)
FN:139,(anonymous_7)
FN:142,(anonymous_8)
FN:144,(anonymous_9)
FN:144,(anonymous_10)
FN:148,(anonymous_11)
FNF:12
FNH:0
FNDA:0,(anonymous_0)
FNDA:0,(anonymous_1)
FNDA:0,(anonymous_2)
FNDA:0,(anonymous_3)
FNDA:0,(anonymous_4)
FNDA:0,(anonymous_5)
FNDA:0,(anonymous_6)
FNDA:0,(anonymous_7)
FNDA:0,(anonymous_8)
FNDA:0,(anonymous_9)
FNDA:0,(anonymous_10)
FNDA:0,(anonymous_11)
DA:1,6
DA:2,6
DA:3,6
DA:4,6
DA:14,6
DA:16,6
DA:18,6
DA:20,6
DA:21,0
DA:34,6
DA:44,6
DA:46,0
DA:50,0
DA:52,0
DA:57,0
DA:58,0
DA:60,0
DA:64,0
DA:68,6
DA:75,0
DA:77,0
DA:78,0
DA:87,0
DA:92,6
DA:93,0
DA:101,0
DA:102,0
DA:104,0
DA:105,0
DA:106,0
DA:112,0
DA:113,0
DA:119,0
DA:125,0
DA:133,6
DA:134,0
DA:135,0
DA:136,0
DA:139,6
DA:140,0
DA:142,0
DA:144,0
DA:148,6
DA:149,0
DA:151,0
DA:152,0
DA:153,0
DA:156,0
DA:158,0
DA:160,0
DA:167,6
LF:51
LH:16
BRDA:20,0,0,0
BRDA:21,1,0,0
BRDA:21,1,1,0
BRDA:21,2,0,0
BRDA:21,2,1,0
BRDA:50,3,0,0
BRDA:50,3,1,0
BRDA:53,4,0,0
BRDA:53,4,1,0
BRDA:58,5,0,0
BRDA:58,5,1,0
BRDA:58,5,2,0
BRDA:75,6,0,0
BRDA:75,6,1,0
BRDA:77,7,0,0
BRDA:77,7,1,0
BRDA:102,8,0,0
BRDA:102,8,1,0
BRDA:104,9,0,0
BRDA:104,9,1,0
BRDA:105,10,0,0
BRDA:105,10,1,0
BRDA:112,11,0,0
BRDA:112,11,1,0
BRDA:121,12,0,0
BRDA:121,12,1,0
BRDA:127,13,0,0
BRDA:127,13,1,0
BRDA:134,14,0,0
BRDA:134,14,1,0
BRDA:134,15,0,0
BRDA:134,15,1,0
BRDA:135,16,0,0
BRDA:135,16,1,0
BRDA:139,17,0,0
BRDA:153,18,0,0
BRDA:153,18,1,0
BRDA:162,19,0,0
BRDA:162,19,1,0
BRF:39
BRH:0
end_of_record
TN:
SF:src\models\AktivitasSistemLog.js
FNF:0
FNH:0
DA:1,6
DA:2,6
DA:4,6
DA:57,6
LF:4
LH:4
BRF:0
BRH:0
end_of_record
TN:
SF:src\models\Associations.js
FNF:0
FNH:0
DA:1,6
DA:3,6
DA:4,6
DA:5,6
DA:6,6
DA:7,6
DA:8,6
DA:9,6
DA:10,6
DA:11,6
DA:12,6
DA:13,6
DA:14,6
DA:15,6
DA:16,6
DA:17,6
DA:18,6
DA:19,6
DA:20,6
DA:21,6
DA:22,6
DA:23,6
DA:24,6
DA:25,6
DA:26,6
DA:27,6
DA:28,6
DA:29,6
DA:30,6
DA:31,6
DA:32,6
DA:33,6
DA:34,6
DA:35,6
DA:36,6
DA:37,6
DA:38,6
DA:39,6
DA:40,6
DA:43,6
DA:44,6
DA:45,6
DA:46,6
DA:47,6
DA:48,6
DA:51,6
DA:52,6
DA:53,6
DA:54,6
DA:55,6
DA:56,6
DA:57,6
DA:58,6
DA:59,6
DA:60,6
DA:61,6
DA:62,6
DA:63,6
DA:64,6
DA:65,6
DA:66,6
DA:67,6
DA:68,6
DA:71,6
DA:72,6
DA:73,6
DA:74,6
DA:75,6
DA:76,6
DA:77,6
DA:78,6
DA:79,6
DA:80,6
DA:81,6
DA:82,6
DA:83,6
DA:84,6
DA:85,6
DA:86,6
DA:87,6
DA:88,6
DA:89,6
DA:90,6
DA:91,6
DA:92,6
DA:93,6
DA:94,6
DA:95,6
DA:96,6
DA:99,6
DA:100,6
DA:101,6
DA:102,6
DA:103,6
DA:104,6
DA:108,6
DA:109,6
DA:110,6
DA:111,6
DA:112,6
DA:113,6
DA:114,6
DA:115,6
DA:116,6
DA:117,6
DA:118,6
DA:119,6
DA:120,6
DA:121,6
DA:122,6
DA:123,6
DA:124,6
DA:125,6
DA:126,6
DA:127,6
DA:130,6
DA:131,6
DA:132,6
DA:133,6
DA:134,6
DA:135,6
DA:136,6
DA:137,6
DA:138,6
DA:139,6
DA:140,6
DA:141,6
DA:144,6
DA:145,6
DA:146,6
DA:147,6
DA:148,6
DA:149,6
DA:150,6
DA:151,6
DA:152,6
DA:153,6
DA:154,6
DA:155,6
DA:156,6
DA:157,6
DA:160,6
DA:161,6
DA:162,6
DA:163,6
DA:164,6
DA:165,6
DA:166,6
DA:167,6
DA:168,6
DA:169,6
DA:171,6
DA:177,6
DA:184,6
DA:190,6
DA:196,6
DA:202,6
DA:208,6
DA:214,6
DA:220,6
DA:225,6
DA:230,6
DA:235,6
DA:240,6
DA:245,6
DA:250,6
DA:255,6
DA:260,6
DA:265,6
DA:270,6
DA:275,6
DA:280,6
DA:285,6
DA:291,6
DA:296,6
DA:301,6
LF:176
LH:176
BRF:0
BRH:0
end_of_record
TN:
SF:src\models\DetailLhu.js
FNF:0
FNH:0
DA:1,6
DA:2,6
DA:4,6
DA:25,6
LF:4
LH:4
BRF:0
BRH:0
end_of_record
TN:
SF:src\models\Fppl.js
FNF:0
FNH:0
DA:1,6
DA:2,6
DA:4,6
DA:90,6
LF:4
LH:4
BRF:0
BRH:0
end_of_record
TN:
SF:src\models\FpplParameterMetode.js
FNF:0
FNH:0
DA:1,6
DA:2,6
DA:4,6
DA:48,6
LF:4
LH:4
BRF:0
BRH:0
end_of_record
TN:
SF:src\models\FpplSampel.js
FNF:0
FNH:0
DA:1,6
DA:2,6
DA:4,6
DA:28,6
LF:4
LH:4
BRF:0
BRH:0
end_of_record
TN:
SF:src\models\Invoice.js
FN:35,(anonymous_0)
FN:38,(anonymous_1)
FNF:2
FNH:0
FNDA:0,(anonymous_0)
FNDA:0,(anonymous_1)
DA:1,6
DA:2,6
DA:4,6
DA:36,0
DA:39,0
DA:48,6
LF:6
LH:4
BRDA:36,0,0,0
BRDA:36,0,1,0
BRDA:36,1,0,0
BRDA:36,1,1,0
BRF:4
BRH:0
end_of_record
TN:
SF:src\models\InvoiceItem.js
FNF:0
FNH:0
DA:1,6
DA:2,6
DA:4,6
DA:28,6
LF:4
LH:4
BRF:0
BRH:0
end_of_record
TN:
SF:src\models\JadwalPengambilanLhu.js
FNF:0
FNH:0
DA:1,6
DA:2,6
DA:4,6
DA:63,6
LF:4
LH:4
BRF:0
BRH:0
end_of_record
TN:
SF:src\models\JadwalSampel.js
FNF:0
FNH:0
DA:1,6
DA:2,6
DA:4,6
DA:45,6
LF:4
LH:4
BRF:0
BRH:0
end_of_record
TN:
SF:src\models\JenisSampel.js
FNF:0
FNH:0
DA:1,6
DA:2,6
DA:4,6
DA:15,6
LF:4
LH:4
BRF:0
BRH:0
end_of_record
TN:
SF:src\models\KategoriParameter.js
FNF:0
FNH:0
DA:1,6
DA:2,6
DA:4,6
DA:16,6
LF:4
LH:4
BRF:0
BRH:0
end_of_record
TN:
SF:src\models\Lhu.js
FNF:0
FNH:0
DA:1,6
DA:2,6
DA:4,6
DA:70,6
LF:4
LH:4
BRF:0
BRH:0
end_of_record
TN:
SF:src\models\LhuSampel.js
FNF:0
FNH:0
DA:1,6
DA:2,6
DA:4,6
DA:25,6
LF:4
LH:4
BRF:0
BRH:0
end_of_record
TN:
SF:src\models\Lka.js
FNF:0
FNH:0
DA:1,6
DA:2,6
DA:4,6
DA:64,6
LF:4
LH:4
BRF:0
BRH:0
end_of_record
TN:
SF:src\models\LkaHasil.js
FNF:0
FNH:0
DA:1,6
DA:2,6
DA:4,6
DA:6,6
DA:44,6
LF:5
LH:5
BRF:0
BRH:0
end_of_record
TN:
SF:src\models\LkaRevisi.js
FNF:0
FNH:0
DA:1,6
DA:2,6
DA:4,6
DA:73,6
LF:4
LH:4
BRF:0
BRH:0
end_of_record
TN:
SF:src\models\LkaRevisiItem.js
FNF:0
FNH:0
DA:1,6
DA:2,6
DA:4,6
DA:52,6
LF:4
LH:4
BRF:0
BRH:0
end_of_record
TN:
SF:src\models\Metode.js
FNF:0
FNH:0
DA:1,6
DA:2,6
DA:4,6
DA:15,6
LF:4
LH:4
BRF:0
BRH:0
end_of_record
TN:
SF:src\models\NotifikasiEmail.js
FNF:0
FNH:0
DA:1,6
DA:2,6
DA:4,6
DA:78,6
LF:4
LH:4
BRF:0
BRH:0
end_of_record
TN:
SF:src\models\Parameter.js
FN:17,(anonymous_0)
FN:21,(anonymous_1)
FNF:2
FNH:0
FNDA:0,(anonymous_0)
FNDA:0,(anonymous_1)
DA:1,6
DA:2,6
DA:4,6
DA:18,0
DA:19,0
DA:22,0
DA:31,6
LF:7
LH:4
BRDA:18,0,0,0
BRDA:18,0,1,0
BRDA:19,1,0,0
BRDA:19,1,1,0
BRDA:19,1,2,0
BRF:5
BRH:0
end_of_record
TN:
SF:src\models\ParameterMetode.js
FNF:0
FNH:0
DA:1,6
DA:2,6
DA:4,6
DA:51,6
LF:4
LH:4
BRF:0
BRH:0
end_of_record
TN:
SF:src\models\Payment.js
FNF:0
FNH:0
DA:1,6
DA:2,6
DA:4,6
DA:60,6
LF:4
LH:4
BRF:0
BRH:0
end_of_record
TN:
SF:src\models\Pegawai.js
FNF:0
FNH:0
DA:1,6
DA:2,6
DA:4,6
DA:37,6
LF:4
LH:4
BRF:0
BRH:0
end_of_record
TN:
SF:src\models\Pelanggan.js
FNF:0
FNH:0
DA:1,6
DA:2,6
DA:4,6
DA:35,6
LF:4
LH:4
BRF:0
BRH:0
end_of_record
TN:
SF:src\models\PengajuanPerubahanJadwal.js
FNF:0
FNH:0
DA:1,6
DA:2,6
DA:4,6
DA:82,6
LF:4
LH:4
BRF:0
BRH:0
end_of_record
TN:
SF:src\models\Penugasan.js
FNF:0
FNH:0
DA:1,6
DA:2,6
DA:4,6
DA:43,6
LF:4
LH:4
BRF:0
BRH:0
end_of_record
TN:
SF:src\models\PenugasanDetail.js
FNF:0
FNH:0
DA:1,6
DA:2,6
DA:4,6
DA:42,6
LF:4
LH:4
BRF:0
BRH:0
end_of_record
TN:
SF:src\models\PenugasanItem.js
FNF:0
FNH:0
DA:1,6
DA:2,6
DA:4,6
DA:21,6
LF:4
LH:4
BRF:0
BRH:0
end_of_record
TN:
SF:src\models\PktBm.js
FNF:0
FNH:0
DA:1,6
DA:2,6
DA:4,6
DA:38,6
LF:4
LH:4
BRF:0
BRH:0
end_of_record
TN:
SF:src\models\PktBmParam.js
FNF:0
FNH:0
DA:1,6
DA:2,6
DA:4,6
DA:39,6
LF:4
LH:4
BRF:0
BRH:0
end_of_record
TN:
SF:src\models\PktBmPm.js
FNF:0
FNH:0
DA:1,6
DA:2,6
DA:4,6
DA:25,6
LF:4
LH:4
BRF:0
BRH:0
end_of_record
TN:
SF:src\models\RegBm.js
FNF:0
FNH:0
DA:1,6
DA:2,6
DA:4,6
DA:26,6
LF:4
LH:4
BRF:0
BRH:0
end_of_record
TN:
SF:src\models\Role.js
FNF:0
FNH:0
DA:1,6
DA:2,6
DA:4,6
DA:15,6
LF:4
LH:4
BRF:0
BRH:0
end_of_record
TN:
SF:src\models\Sampel.js
FNF:0
FNH:0
DA:1,6
DA:2,6
DA:4,6
DA:56,6
LF:4
LH:4
BRF:0
BRH:0
end_of_record
TN:
SF:src\models\SampelParameter.js
FNF:0
FNH:0
DA:1,6
DA:2,6
DA:4,6
DA:16,6
LF:4
LH:4
BRF:0
BRH:0
end_of_record
TN:
SF:src\models\TarifPengambilan.js
FNF:0
FNH:0
DA:1,6
DA:2,6
DA:4,6
DA:19,6
LF:4
LH:4
BRF:0
BRH:0
end_of_record
TN:
SF:src\models\TipeNotifikasi.js
FNF:0
FNH:0
DA:1,6
DA:2,6
DA:4,6
DA:24,6
LF:4
LH:4
BRF:0
BRH:0
end_of_record
TN:
SF:src\models\User.js
FNF:0
FNH:0
DA:1,6
DA:2,6
DA:4,6
DA:58,6
LF:4
LH:4
BRF:0
BRH:0
end_of_record
TN:
SF:src\routes\admin-account.js
FNF:0
FNH:0
DA:1,6
DA:3,6
DA:18,6
DA:20,6
DA:21,6
DA:23,6
DA:24,6
DA:26,6
DA:28,6
DA:29,6
DA:30,6
DA:31,6
DA:32,6
DA:34,6
DA:35,6
DA:36,6
DA:37,6
DA:39,6
LF:18
LH:18
BRF:0
BRH:0
end_of_record
TN:
SF:src\routes\admin-parameter.js
FNF:0
FNH:0
DA:1,6
DA:2,6
DA:3,6
DA:4,6
DA:5,6
DA:8,6
DA:13,6
DA:14,6
DA:15,6
DA:16,6
DA:17,6
DA:18,6
DA:19,6
DA:20,6
DA:25,6
DA:26,6
DA:27,6
DA:28,6
DA:33,6
DA:34,6
DA:35,6
DA:36,6
DA:41,6
DA:42,6
DA:43,6
DA:44,6
DA:49,6
DA:50,6
DA:51,6
DA:52,6
DA:54,6
LF:31
LH:31
BRF:0
BRH:0
end_of_record
TN:
SF:src\routes\assignment.js
FNF:0
FNH:0
DA:1,6
DA:2,6
DA:3,6
DA:7,6
DA:9,6
DA:11,6
DA:24,6
DA:29,6
DA:31,6
DA:33,6
DA:34,6
DA:35,6
DA:36,6
DA:37,6
DA:39,6
DA:40,6
DA:41,6
DA:42,6
DA:43,6
DA:45,6
DA:46,6
DA:47,6
DA:48,6
DA:49,6
DA:50,6
DA:52,6
DA:53,6
DA:54,6
DA:55,6
DA:56,6
DA:57,6
DA:58,6
DA:59,6
DA:61,6
DA:62,6
DA:64,6
DA:69,6
DA:70,6
DA:71,6
DA:72,6
DA:73,6
LF:41
LH:41
BRF:0
BRH:0
end_of_record
TN:
SF:src\routes\auth.js
FNF:0
FNH:0
DA:1,6
DA:2,6
DA:3,6
DA:4,6
DA:5,6
DA:6,6
DA:8,6
DA:15,6
DA:22,6
DA:23,6
DA:24,6
DA:25,6
DA:26,6
DA:27,6
DA:28,6
DA:30,6
LF:16
LH:16
BRF:0
BRH:0
end_of_record
TN:
SF:src\routes\file.js
FN:11,normalizePathCandidates
FN:21,regenerateLhuFileIfMissing
FN:53,shouldTryRegenerateLhuFile
FN:60,serveSignedFile
FN:61,(anonymous_4)
FNF:5
FNH:1
FNDA:0,normalizePathCandidates
FNDA:0,regenerateLhuFileIfMissing
FNDA:0,shouldTryRegenerateLhuFile
FNDA:18,serveSignedFile
FNDA:0,(anonymous_4)
DA:1,6
DA:2,6
DA:3,6
DA:4,6
DA:5,6
DA:6,6
DA:7,6
DA:9,6
DA:12,0
DA:13,0
DA:15,0
DA:16,0
DA:18,0
DA:22,0
DA:23,0
DA:25,0
DA:33,0
DA:35,0
DA:36,0
DA:37,0
DA:39,0
DA:40,0
DA:44,0
DA:46,0
DA:47,0
DA:50,0
DA:54,0
DA:61,18
DA:62,0
DA:63,0
DA:66,0
DA:67,0
DA:69,0
DA:70,0
DA:73,0
DA:74,0
DA:77,0
DA:81,0
DA:86,6
DA:87,6
DA:88,6
DA:90,6
LF:42
LH:13
BRDA:11,0,0,0
BRDA:12,1,0,0
BRDA:12,1,1,0
BRDA:13,2,0,0
BRDA:13,2,1,0
BRDA:16,3,0,0
BRDA:16,3,1,0
BRDA:21,4,0,0
BRDA:23,5,0,0
BRDA:23,5,1,0
BRDA:33,6,0,0
BRDA:33,6,1,0
BRDA:37,7,0,0
BRDA:37,7,1,0
BRDA:39,8,0,0
BRDA:39,8,1,0
BRDA:40,9,0,0
BRDA:40,9,1,0
BRDA:46,10,0,0
BRDA:46,10,1,0
BRDA:46,11,0,0
BRDA:46,11,1,0
BRDA:50,12,0,0
BRDA:50,12,1,0
BRDA:50,12,2,0
BRDA:55,13,0,0
BRDA:55,13,1,0
BRDA:55,13,2,0
BRDA:56,14,0,0
BRDA:56,14,1,0
BRDA:63,15,0,0
BRDA:63,15,1,0
BRDA:69,16,0,0
BRDA:69,16,1,0
BRDA:74,17,0,0
BRDA:74,17,1,0
BRDA:81,18,0,0
BRDA:81,18,1,0
BRDA:81,19,0,0
BRDA:81,19,1,0
BRF:40
BRH:0
end_of_record
TN:
SF:src\routes\lhu.js
FNF:0
FNH:0
DA:1,6
DA:2,6
DA:3,6
DA:4,6
DA:6,6
DA:7,6
DA:13,6
DA:17,6
DA:18,6
DA:20,6
DA:21,6
DA:23,6
DA:24,6
DA:25,6
DA:26,6
DA:27,6
DA:28,6
DA:30,6
DA:31,6
DA:33,6
DA:34,6
DA:35,6
DA:37,6
LF:23
LH:23
BRF:0
BRH:0
end_of_record
TN:
SF:src\routes\lka-revision.js
FNF:0
FNH:0
DA:3,6
DA:4,6
DA:5,6
DA:6,6
DA:8,6
DA:10,6
DA:12,6
DA:19,6
DA:25,6
LF:9
LH:9
BRF:0
BRH:0
end_of_record
TN:
SF:src\routes\me.js
FNF:0
FNH:0
DA:1,6
DA:2,6
DA:3,6
DA:4,6
DA:5,6
DA:7,6
DA:9,6
DA:11,6
LF:8
LH:8
BRF:0
BRH:0
end_of_record
TN:
SF:src\routes\reference.js
FNF:0
FNH:0
DA:1,6
DA:2,6
DA:16,6
DA:18,6
DA:19,6
DA:20,6
DA:21,6
DA:22,6
DA:23,6
DA:24,6
DA:25,6
DA:26,6
DA:27,6
DA:28,6
DA:29,6
DA:31,6
LF:16
LH:16
BRF:0
BRH:0
end_of_record
TN:
SF:src\routes\request.js
FN:60,(anonymous_0)
FNF:1
FNH:0
FNDA:0,(anonymous_0)
DA:1,6
DA:2,6
DA:3,6
DA:4,6
DA:5,6
DA:6,6
DA:7,6
DA:21,6
DA:23,6
DA:26,6
DA:27,6
DA:28,6
DA:29,6
DA:31,6
DA:35,6
DA:37,6
DA:39,6
DA:41,6
DA:45,6
DA:47,6
DA:48,6
DA:50,6
DA:52,6
DA:54,6
DA:56,6
DA:58,6
DA:60,6
DA:63,6
LF:28
LH:28
BRF:0
BRH:0
end_of_record
TN:
SF:src\routes\xendit-webhook.js
FNF:0
FNH:0
DA:1,0
DA:2,0
DA:3,0
DA:5,0
DA:7,0
LF:5
LH:0
BRF:0
BRH:0
end_of_record
TN:
SF:src\services\activity-log.service.js
FN:23,(anonymous_0)
FN:28,(anonymous_1)
FN:35,(anonymous_2)
FN:40,(anonymous_3)
FN:46,(anonymous_4)
FN:48,(anonymous_5)
FN:56,(anonymous_6)
FN:64,plain
FN:68,plainRows
FN:72,tx
FN:76,safeFindAll
FN:85,createActivityLog
FN:122,createActivityLogIfMissing
FN:144,logStatusChange
FN:172,getLogsForEntity
FN:193,getFpplLogs
FN:197,addPair
FN:200,(anonymous_17)
FN:205,sampleRegistrationInclude
FN:219,penugasanDetailInclude
FN:246,lkaIncludeForRegistration
FN:255,getRequestTimelineEntityPairs
FN:258,(anonymous_22)
FN:262,(anonymous_23)
FN:264,(anonymous_24)
FN:268,(anonymous_25)
FN:270,(anonymous_26)
FN:274,(anonymous_27)
FN:276,(anonymous_28)
FN:280,(anonymous_29)
FN:282,(anonymous_30)
FN:286,(anonymous_31)
FN:288,(anonymous_32)
FN:292,(anonymous_33)
FN:294,(anonymous_34)
FN:298,(anonymous_35)
FN:300,(anonymous_36)
FN:316,(anonymous_37)
FN:318,(anonymous_38)
FN:322,(anonymous_39)
FN:324,(anonymous_40)
FN:328,(anonymous_41)
FN:330,(anonymous_42)
FN:334,(anonymous_43)
FN:339,ensureRequestActivityLogs
FN:376,(anonymous_45)
FN:395,(anonymous_46)
FN:413,(anonymous_47)
FN:432,(anonymous_48)
FN:465,(anonymous_49)
FN:483,(anonymous_50)
FN:501,(anonymous_51)
FN:533,(anonymous_52)
FN:565,(anonymous_53)
FN:611,(anonymous_54)
FN:645,getRequestTimelineLogs
FN:656,(anonymous_56)
FN:675,getManyFpplLogs
FN:691,backfillAllRequestActivityLogs
FNF:59
FNH:0
FNDA:0,(anonymous_0)
FNDA:0,(anonymous_1)
FNDA:0,(anonymous_2)
FNDA:0,(anonymous_3)
FNDA:0,(anonymous_4)
FNDA:0,(anonymous_5)
FNDA:0,(anonymous_6)
FNDA:0,plain
FNDA:0,plainRows
FNDA:0,tx
FNDA:0,safeFindAll
FNDA:0,createActivityLog
FNDA:0,createActivityLogIfMissing
FNDA:0,logStatusChange
FNDA:0,getLogsForEntity
FNDA:0,getFpplLogs
FNDA:0,addPair
FNDA:0,(anonymous_17)
FNDA:0,sampleRegistrationInclude
FNDA:0,penugasanDetailInclude
FNDA:0,lkaIncludeForRegistration
FNDA:0,getRequestTimelineEntityPairs
FNDA:0,(anonymous_22)
FNDA:0,(anonymous_23)
FNDA:0,(anonymous_24)
FNDA:0,(anonymous_25)
FNDA:0,(anonymous_26)
FNDA:0,(anonymous_27)
FNDA:0,(anonymous_28)
FNDA:0,(anonymous_29)
FNDA:0,(anonymous_30)
FNDA:0,(anonymous_31)
FNDA:0,(anonymous_32)
FNDA:0,(anonymous_33)
FNDA:0,(anonymous_34)
FNDA:0,(anonymous_35)
FNDA:0,(anonymous_36)
FNDA:0,(anonymous_37)
FNDA:0,(anonymous_38)
FNDA:0,(anonymous_39)
FNDA:0,(anonymous_40)
FNDA:0,(anonymous_41)
FNDA:0,(anonymous_42)
FNDA:0,(anonymous_43)
FNDA:0,ensureRequestActivityLogs
FNDA:0,(anonymous_45)
FNDA:0,(anonymous_46)
FNDA:0,(anonymous_47)
FNDA:0,(anonymous_48)
FNDA:0,(anonymous_49)
FNDA:0,(anonymous_50)
FNDA:0,(anonymous_51)
FNDA:0,(anonymous_52)
FNDA:0,(anonymous_53)
FNDA:0,(anonymous_54)
FNDA:0,getRequestTimelineLogs
FNDA:0,(anonymous_56)
FNDA:0,getManyFpplLogs
FNDA:0,backfillAllRequestActivityLogs
DA:1,0
DA:19,0
DA:20,0
DA:21,0
DA:23,0
DA:24,0
DA:25,0
DA:28,0
DA:29,0
DA:30,0
DA:33,0
DA:35,0
DA:36,0
DA:37,0
DA:40,0
DA:41,0
DA:42,0
DA:43,0
DA:46,0
DA:48,0
DA:49,0
DA:50,0
DA:51,0
DA:52,0
DA:53,0
DA:56,0
DA:57,0
DA:58,0
DA:59,0
DA:60,0
DA:61,0
DA:65,0
DA:69,0
DA:73,0
DA:77,0
DA:78,0
DA:80,0
DA:81,0
DA:86,0
DA:88,0
DA:89,0
DA:91,0
DA:99,0
DA:115,0
DA:117,0
DA:118,0
DA:123,0
DA:125,0
DA:126,0
DA:128,0
DA:134,0
DA:135,0
DA:137,0
DA:139,0
DA:140,0
DA:156,0
DA:173,0
DA:174,0
DA:186,0
DA:188,0
DA:189,0
DA:194,0
DA:198,0
DA:199,0
DA:200,0
DA:201,0
DA:206,0
DA:220,0
DA:247,0
DA:256,0
DA:258,0
DA:262,0
DA:264,0
DA:268,0
DA:270,0
DA:274,0
DA:276,0
DA:280,0
DA:282,0
DA:286,0
DA:288,0
DA:292,0
DA:294,0
DA:298,0
DA:300,0
DA:316,0
DA:318,0
DA:322,0
DA:324,0
DA:328,0
DA:330,0
DA:334,0
DA:336,0
DA:340,0
DA:345,0
DA:347,0
DA:348,0
DA:350,0
DA:362,0
DA:363,0
DA:376,0
DA:381,0
DA:382,0
DA:395,0
DA:399,0
DA:400,0
DA:413,0
DA:418,0
DA:419,0
DA:432,0
DA:437,0
DA:438,0
DA:450,0
DA:451,0
DA:465,0
DA:469,0
DA:470,0
DA:483,0
DA:487,0
DA:488,0
DA:501,0
DA:505,0
DA:506,0
DA:518,0
DA:519,0
DA:533,0
DA:537,0
DA:538,0
DA:550,0
DA:551,0
DA:565,0
DA:569,0
DA:570,0
DA:582,0
DA:583,0
DA:596,0
DA:597,0
DA:611,0
DA:616,0
DA:617,0
DA:629,0
DA:630,0
DA:646,0
DA:647,0
DA:648,0
DA:651,0
DA:652,0
DA:654,0
DA:656,0
DA:668,0
DA:670,0
DA:671,0
DA:676,0
DA:677,0
DA:679,0
DA:680,0
DA:681,0
DA:682,0
DA:684,0
DA:686,0
DA:687,0
DA:692,0
DA:701,0
DA:702,0
DA:703,0
DA:704,0
DA:706,0
DA:709,0
LF:168
LH:0
BRDA:24,0,0,0
BRDA:24,0,1,0
BRDA:24,1,0,0
BRDA:24,1,1,0
BRDA:28,2,0,0
BRDA:29,3,0,0
BRDA:29,3,1,0
BRDA:29,4,0,0
BRDA:29,4,1,0
BRDA:36,5,0,0
BRDA:36,5,1,0
BRDA:37,6,0,0
BRDA:37,6,1,0
BRDA:41,7,0,0
BRDA:41,7,1,0
BRDA:46,8,0,0
BRDA:46,8,1,0
BRDA:49,9,0,0
BRDA:49,9,1,0
BRDA:50,10,0,0
BRDA:50,10,1,0
BRDA:51,11,0,0
BRDA:51,11,1,0
BRDA:52,12,0,0
BRDA:52,12,1,0
BRDA:57,13,0,0
BRDA:57,13,1,0
BRDA:58,14,0,0
BRDA:58,14,1,0
BRDA:59,15,0,0
BRDA:59,15,1,0
BRDA:60,16,0,0
BRDA:60,16,1,0
BRDA:65,17,0,0
BRDA:65,17,1,0
BRDA:68,18,0,0
BRDA:72,19,0,0
BRDA:73,20,0,0
BRDA:73,20,1,0
BRDA:85,21,0,0
BRDA:85,22,0,0
BRDA:86,23,0,0
BRDA:86,23,1,0
BRDA:89,24,0,0
BRDA:89,24,1,0
BRDA:89,25,0,0
BRDA:89,25,1,0
BRDA:89,25,2,0
BRDA:110,26,0,0
BRDA:110,26,1,0
BRDA:122,27,0,0
BRDA:122,28,0,0
BRDA:123,29,0,0
BRDA:123,29,1,0
BRDA:126,30,0,0
BRDA:126,30,1,0
BRDA:126,31,0,0
BRDA:126,31,1,0
BRDA:126,31,2,0
BRDA:135,32,0,0
BRDA:135,32,1,0
BRDA:145,33,0,0
BRDA:148,34,0,0
BRDA:149,35,0,0
BRDA:150,36,0,0
BRDA:151,37,0,0
BRDA:152,38,0,0
BRDA:153,39,0,0
BRDA:154,40,0,0
BRDA:172,41,0,0
BRDA:193,42,0,0
BRDA:198,43,0,0
BRDA:198,43,1,0
BRDA:200,44,0,0
BRDA:200,44,1,0
BRDA:200,45,0,0
BRDA:200,45,1,0
BRDA:205,46,0,0
BRDA:255,47,0,0
BRDA:339,48,0,0
BRDA:345,49,0,0
BRDA:345,49,1,0
BRDA:347,50,0,0
BRDA:347,50,1,0
BRDA:347,50,2,0
BRDA:348,51,0,0
BRDA:348,51,1,0
BRDA:359,52,0,0
BRDA:359,52,1,0
BRDA:362,53,0,0
BRDA:362,53,1,0
BRDA:362,54,0,0
BRDA:362,54,1,0
BRDA:370,55,0,0
BRDA:370,55,1,0
BRDA:371,56,0,0
BRDA:371,56,1,0
BRDA:372,57,0,0
BRDA:372,57,1,0
BRDA:372,58,0,0
BRDA:372,58,1,0
BRDA:391,59,0,0
BRDA:391,59,1,0
BRDA:409,60,0,0
BRDA:409,60,1,0
BRDA:409,61,0,0
BRDA:409,61,1,0
BRDA:426,62,0,0
BRDA:426,62,1,0
BRDA:428,63,0,0
BRDA:428,63,1,0
BRDA:428,64,0,0
BRDA:428,64,1,0
BRDA:447,65,0,0
BRDA:447,65,1,0
BRDA:450,66,0,0
BRDA:450,66,1,0
BRDA:450,67,0,0
BRDA:450,67,1,0
BRDA:460,68,0,0
BRDA:460,68,1,0
BRDA:460,69,0,0
BRDA:460,69,1,0
BRDA:479,70,0,0
BRDA:479,70,1,0
BRDA:495,71,0,0
BRDA:495,71,1,0
BRDA:497,72,0,0
BRDA:497,72,1,0
BRDA:515,73,0,0
BRDA:515,73,1,0
BRDA:515,74,0,0
BRDA:515,74,1,0
BRDA:518,75,0,0
BRDA:518,75,1,0
BRDA:518,76,0,0
BRDA:518,76,1,0
BRDA:528,77,0,0
BRDA:528,77,1,0
BRDA:528,78,0,0
BRDA:528,78,1,0
BRDA:541,79,0,0
BRDA:541,79,1,0
BRDA:544,80,0,0
BRDA:544,80,1,0
BRDA:547,81,0,0
BRDA:547,81,1,0
BRDA:547,82,0,0
BRDA:547,82,1,0
BRDA:550,83,0,0
BRDA:550,83,1,0
BRDA:550,84,0,0
BRDA:550,84,1,0
BRDA:560,85,0,0
BRDA:560,85,1,0
BRDA:560,86,0,0
BRDA:560,86,1,0
BRDA:579,87,0,0
BRDA:579,87,1,0
BRDA:579,88,0,0
BRDA:579,88,1,0
BRDA:582,89,0,0
BRDA:582,89,1,0
BRDA:592,90,0,0
BRDA:592,90,1,0
BRDA:596,91,0,0
BRDA:596,91,1,0
BRDA:606,92,0,0
BRDA:606,92,1,0
BRDA:626,93,0,0
BRDA:626,93,1,0
BRDA:629,94,0,0
BRDA:629,94,1,0
BRDA:637,95,0,0
BRDA:637,95,1,0
BRDA:639,96,0,0
BRDA:639,96,1,0
BRDA:645,97,0,0
BRDA:647,98,0,0
BRDA:647,98,1,0
BRDA:652,99,0,0
BRDA:652,99,1,0
BRDA:675,100,0,0
BRDA:675,101,0,0
BRDA:677,102,0,0
BRDA:677,102,1,0
BRDA:691,103,0,0
BRF:187
BRH:0
end_of_record
TN:
SF:src\services\admin-account.service.js
FN:53,normalizeText
FN:57,normalizeEmail
FN:61,normalizeStatus
FN:66,statusLabel
FN:70,getPlain
FN:74,pickObject
FN:81,pickArray
FN:88,validateNik
FN:94,validateUsername
FN:98,validateEmail
FN:105,generateRandomPassword
FN:109,hashPassword
FN:114,getStaffRoleId
FN:135,buildPasswordFromPayload
FN:152,ensureUniqueUser
FN:184,mapStaffRow
FN:210,mapCustomerRow
FN:255,flattenStaffUser
FN:272,flattenStaffPegawai
FN:290,flattenCustomer
FN:309,listRoles
FN:315,(anonymous_21)
FN:318,listStaff
FN:337,(anonymous_23)
FN:340,(anonymous_24)
FN:345,(anonymous_25)
FN:349,(anonymous_26)
FN:352,(anonymous_27)
FN:356,(anonymous_28)
FN:368,getStaffByNik
FN:411,createStaff
FN:412,(anonymous_31)
FN:503,setStaffStatus
FN:537,resetStaffPassword
FN:565,listCustomers
FN:579,(anonymous_35)
FN:585,(anonymous_36)
FN:591,(anonymous_37)
FN:595,(anonymous_38)
FN:607,(anonymous_39)
FN:614,getCustomerById
FN:632,setCustomerStatus
FN:652,resetCustomerPassword
FNF:43
FNH:0
FNDA:0,normalizeText
FNDA:0,normalizeEmail
FNDA:0,normalizeStatus
FNDA:0,statusLabel
FNDA:0,getPlain
FNDA:0,pickObject
FNDA:0,pickArray
FNDA:0,validateNik
FNDA:0,validateUsername
FNDA:0,validateEmail
FNDA:0,generateRandomPassword
FNDA:0,hashPassword
FNDA:0,getStaffRoleId
FNDA:0,buildPasswordFromPayload
FNDA:0,ensureUniqueUser
FNDA:0,mapStaffRow
FNDA:0,mapCustomerRow
FNDA:0,flattenStaffUser
FNDA:0,flattenStaffPegawai
FNDA:0,flattenCustomer
FNDA:0,listRoles
FNDA:0,(anonymous_21)
FNDA:0,listStaff
FNDA:0,(anonymous_23)
FNDA:0,(anonymous_24)
FNDA:0,(anonymous_25)
FNDA:0,(anonymous_26)
FNDA:0,(anonymous_27)
FNDA:0,(anonymous_28)
FNDA:0,getStaffByNik
FNDA:0,createStaff
FNDA:0,(anonymous_31)
FNDA:0,setStaffStatus
FNDA:0,resetStaffPassword
FNDA:0,listCustomers
FNDA:0,(anonymous_35)
FNDA:0,(anonymous_36)
FNDA:0,(anonymous_37)
FNDA:0,(anonymous_38)
FNDA:0,(anonymous_39)
FNDA:0,getCustomerById
FNDA:0,setCustomerStatus
FNDA:0,resetCustomerPassword
DA:1,6
DA:2,6
DA:11,6
DA:13,6
DA:14,6
DA:19,6
DA:21,6
DA:34,6
DA:44,6
DA:54,0
DA:58,0
DA:62,0
DA:63,0
DA:67,0
DA:71,0
DA:75,0
DA:76,0
DA:78,0
DA:82,0
DA:83,0
DA:85,0
DA:89,0
DA:90,0
DA:91,0
DA:95,0
DA:99,0
DA:100,0
DA:101,0
DA:102,0
DA:106,0
DA:110,0
DA:111,0
DA:115,0
DA:117,0
DA:119,0
DA:129,0
DA:132,0
DA:136,0
DA:138,0
DA:139,0
DA:140,0
DA:142,0
DA:143,0
DA:146,0
DA:149,0
DA:153,0
DA:155,0
DA:156,0
DA:157,0
DA:159,0
DA:161,0
DA:163,0
DA:164,0
DA:167,0
DA:173,0
DA:175,0
DA:177,0
DA:178,0
DA:179,0
DA:181,0
DA:185,0
DA:186,0
DA:188,0
DA:211,0
DA:212,0
DA:214,0
DA:256,0
DA:257,0
DA:258,0
DA:260,0
DA:273,0
DA:274,0
DA:275,0
DA:277,0
DA:291,0
DA:292,0
DA:293,0
DA:295,0
DA:310,0
DA:315,0
DA:319,0
DA:320,0
DA:321,0
DA:323,0
DA:333,0
DA:335,0
DA:336,0
DA:337,0
DA:339,0
DA:340,0
DA:344,0
DA:345,0
DA:348,0
DA:349,0
DA:350,0
DA:352,0
DA:356,0
DA:358,0
DA:360,0
DA:362,0
DA:369,0
DA:370,0
DA:372,0
DA:374,0
DA:375,0
DA:389,0
DA:391,0
DA:394,0
DA:406,0
DA:408,0
DA:412,0
DA:413,0
DA:421,0
DA:422,0
DA:424,0
DA:425,0
DA:426,0
DA:428,0
DA:430,0
DA:433,0
DA:445,0
DA:450,0
DA:456,0
DA:457,0
DA:458,0
DA:459,0
DA:461,0
DA:463,0
DA:464,0
DA:466,0
DA:479,0
DA:482,0
DA:494,0
DA:496,0
DA:504,0
DA:505,0
DA:507,0
DA:508,0
DA:510,0
DA:511,0
DA:518,0
DA:519,0
DA:523,0
DA:534,0
DA:538,0
DA:539,0
DA:540,0
DA:542,0
DA:546,0
DA:548,0
DA:559,0
DA:566,0
DA:567,0
DA:569,0
DA:577,0
DA:579,0
DA:580,0
DA:581,0
DA:582,0
DA:585,0
DA:590,0
DA:591,0
DA:594,0
DA:595,0
DA:596,0
DA:607,0
DA:611,0
DA:615,0
DA:616,0
DA:618,0
DA:627,0
DA:629,0
DA:633,0
DA:634,0
DA:635,0
DA:638,0
DA:649,0
DA:653,0
DA:654,0
DA:655,0
DA:658,0
DA:662,0
DA:664,0
DA:675,0
DA:683,6
LF:185
LH:10
BRDA:54,0,0,0
BRDA:54,0,1,0
BRDA:62,1,0,0
BRDA:62,1,1,0
BRDA:63,2,0,0
BRDA:63,2,1,0
BRDA:67,3,0,0
BRDA:67,3,1,0
BRDA:71,4,0,0
BRDA:71,4,1,0
BRDA:74,5,0,0
BRDA:76,6,0,0
BRDA:76,6,1,0
BRDA:81,7,0,0
BRDA:83,8,0,0
BRDA:83,8,1,0
BRDA:90,9,0,0
BRDA:90,9,1,0
BRDA:100,10,0,0
BRDA:100,10,1,0
BRDA:101,11,0,0
BRDA:101,11,1,0
BRDA:117,12,0,0
BRDA:117,12,1,0
BRDA:119,13,0,0
BRDA:119,13,1,0
BRDA:135,14,0,0
BRDA:136,15,0,0
BRDA:136,15,1,0
BRDA:136,15,2,0
BRDA:138,16,0,0
BRDA:138,16,1,0
BRDA:140,17,0,0
BRDA:140,17,1,0
BRDA:140,17,2,0
BRDA:142,18,0,0
BRDA:142,18,1,0
BRDA:142,19,0,0
BRDA:142,19,1,0
BRDA:152,20,0,0
BRDA:152,21,0,0
BRDA:155,22,0,0
BRDA:155,22,1,0
BRDA:156,23,0,0
BRDA:156,23,1,0
BRDA:157,24,0,0
BRDA:157,24,1,0
BRDA:159,25,0,0
BRDA:159,25,1,0
BRDA:163,26,0,0
BRDA:163,26,1,0
BRDA:173,27,0,0
BRDA:173,27,1,0
BRDA:177,28,0,0
BRDA:177,28,1,0
BRDA:177,29,0,0
BRDA:177,29,1,0
BRDA:178,30,0,0
BRDA:178,30,1,0
BRDA:178,31,0,0
BRDA:178,31,1,0
BRDA:179,32,0,0
BRDA:179,32,1,0
BRDA:179,33,0,0
BRDA:179,33,1,0
BRDA:185,34,0,0
BRDA:185,34,1,0
BRDA:186,35,0,0
BRDA:186,35,1,0
BRDA:186,36,0,0
BRDA:186,36,1,0
BRDA:186,36,2,0
BRDA:186,36,3,0
BRDA:189,37,0,0
BRDA:189,37,1,0
BRDA:192,38,0,0
BRDA:192,38,1,0
BRDA:194,39,0,0
BRDA:194,39,1,0
BRDA:196,40,0,0
BRDA:196,40,1,0
BRDA:197,41,0,0
BRDA:197,41,1,0
BRDA:200,42,0,0
BRDA:200,42,1,0
BRDA:201,43,0,0
BRDA:201,43,1,0
BRDA:201,44,0,0
BRDA:201,44,1,0
BRDA:202,45,0,0
BRDA:202,45,1,0
BRDA:204,46,0,0
BRDA:204,46,1,0
BRDA:212,47,0,0
BRDA:212,47,1,0
BRDA:212,48,0,0
BRDA:212,48,1,0
BRDA:212,48,2,0
BRDA:218,49,0,0
BRDA:218,49,1,0
BRDA:231,50,0,0
BRDA:231,50,1,0
BRDA:233,51,0,0
BRDA:233,51,1,0
BRDA:237,52,0,0
BRDA:237,52,1,0
BRDA:238,53,0,0
BRDA:238,53,1,0
BRDA:239,54,0,0
BRDA:239,54,1,0
BRDA:242,55,0,0
BRDA:242,55,1,0
BRDA:243,56,0,0
BRDA:243,56,1,0
BRDA:245,57,0,0
BRDA:245,57,1,0
BRDA:246,58,0,0
BRDA:246,58,1,0
BRDA:247,59,0,0
BRDA:247,59,1,0
BRDA:248,60,0,0
BRDA:248,60,1,0
BRDA:249,61,0,0
BRDA:249,61,1,0
BRDA:249,61,2,0
BRDA:250,62,0,0
BRDA:250,62,1,0
BRDA:250,62,2,0
BRDA:251,63,0,0
BRDA:251,63,1,0
BRDA:256,64,0,0
BRDA:256,64,1,0
BRDA:273,65,0,0
BRDA:273,65,1,0
BRDA:281,66,0,0
BRDA:281,66,1,0
BRDA:281,66,2,0
BRDA:291,67,0,0
BRDA:291,67,1,0
BRDA:318,68,0,0
BRDA:319,69,0,0
BRDA:319,69,1,0
BRDA:335,70,0,0
BRDA:335,70,1,0
BRDA:335,71,0,0
BRDA:335,71,1,0
BRDA:336,72,0,0
BRDA:336,72,1,0
BRDA:337,73,0,0
BRDA:337,73,1,0
BRDA:344,74,0,0
BRDA:344,74,1,0
BRDA:344,75,0,0
BRDA:344,75,1,0
BRDA:348,76,0,0
BRDA:348,76,1,0
BRDA:360,77,0,0
BRDA:360,77,1,0
BRDA:362,78,0,0
BRDA:362,78,1,0
BRDA:362,78,2,0
BRDA:363,79,0,0
BRDA:363,79,1,0
BRDA:363,79,2,0
BRDA:368,80,0,0
BRDA:370,81,0,0
BRDA:370,81,1,0
BRDA:374,82,0,0
BRDA:374,82,1,0
BRDA:389,83,0,0
BRDA:389,83,1,0
BRDA:406,84,0,0
BRDA:406,84,1,0
BRDA:411,85,0,0
BRDA:414,86,0,0
BRDA:414,86,1,0
BRDA:414,86,2,0
BRDA:414,86,3,0
BRDA:414,86,4,0
BRDA:421,87,0,0
BRDA:421,87,1,0
BRDA:422,88,0,0
BRDA:422,88,1,0
BRDA:424,89,0,0
BRDA:424,89,1,0
BRDA:426,90,0,0
BRDA:426,90,1,0
BRDA:426,91,0,0
BRDA:426,91,1,0
BRDA:426,92,0,0
BRDA:426,92,1,0
BRDA:428,93,0,0
BRDA:428,93,1,0
BRDA:430,94,0,0
BRDA:430,94,1,0
BRDA:437,95,0,0
BRDA:437,95,1,0
BRDA:439,96,0,0
BRDA:439,96,1,0
BRDA:440,97,0,0
BRDA:440,97,1,0
BRDA:459,98,0,0
BRDA:459,98,1,0
BRDA:479,99,0,0
BRDA:479,99,1,0
BRDA:486,100,0,0
BRDA:486,100,1,0
BRDA:488,101,0,0
BRDA:488,101,1,0
BRDA:498,102,0,0
BRDA:498,102,1,0
BRDA:505,103,0,0
BRDA:505,103,1,0
BRDA:505,104,0,0
BRDA:505,104,1,0
BRDA:508,105,0,0
BRDA:508,105,1,0
BRDA:510,106,0,0
BRDA:510,106,1,0
BRDA:510,107,0,0
BRDA:510,107,1,0
BRDA:518,108,0,0
BRDA:518,108,1,0
BRDA:537,109,0,0
BRDA:539,110,0,0
BRDA:539,110,1,0
BRDA:539,111,0,0
BRDA:539,111,1,0
BRDA:542,112,0,0
BRDA:542,112,1,0
BRDA:565,113,0,0
BRDA:566,114,0,0
BRDA:566,114,1,0
BRDA:580,115,0,0
BRDA:580,115,1,0
BRDA:580,115,2,0
BRDA:581,116,0,0
BRDA:581,116,1,0
BRDA:581,117,0,0
BRDA:581,117,1,0
BRDA:587,118,0,0
BRDA:587,118,1,0
BRDA:587,119,0,0
BRDA:587,119,1,0
BRDA:587,119,2,0
BRDA:590,120,0,0
BRDA:590,120,1,0
BRDA:590,121,0,0
BRDA:590,121,1,0
BRDA:594,122,0,0
BRDA:594,122,1,0
BRDA:614,123,0,0
BRDA:616,124,0,0
BRDA:616,124,1,0
BRDA:627,125,0,0
BRDA:627,125,1,0
BRDA:634,126,0,0
BRDA:634,126,1,0
BRDA:634,127,0,0
BRDA:634,127,1,0
BRDA:640,128,0,0
BRDA:640,128,1,0
BRDA:652,129,0,0
BRDA:654,130,0,0
BRDA:654,130,1,0
BRDA:654,131,0,0
BRDA:654,131,1,0
BRDA:658,132,0,0
BRDA:658,132,1,0
BRF:269
BRH:0
end_of_record
TN:
SF:src\services\admin-parameter.service.js
FN:26,generateNextCode
FN:79,normalizeCategoryName
FN:84,toPlainObject
FN:90,withSyncedKategori
FN:113,withSyncedKategoriOnParameterMetode
FN:123,resolveKategoriParameter
FN:177,pickMethodId
FN:189,resolvePaketParameterMethods
FN:213,(anonymous_8)
FN:229,(anonymous_9)
FN:230,(anonymous_10)
FN:237,(anonymous_11)
FN:239,(anonymous_12)
FN:245,createPaketMethodRows
FN:262,hasOwn
FN:266,normalizeActiveFlag
FN:275,normalizeNullableText
FN:281,hasChanged
FN:286,withMasterUsage
FN:302,protectedMasterError
FN:314,(anonymous_20)
FN:345,(anonymous_21)
FN:351,(anonymous_22)
FN:360,(anonymous_23)
FN:366,(anonymous_24)
FN:372,(anonymous_25)
FN:490,(anonymous_26)
FN:532,(anonymous_27)
FN:554,(anonymous_28)
FN:560,(anonymous_29)
FN:567,(anonymous_30)
FN:583,(anonymous_31)
FN:613,(anonymous_32)
FN:634,(anonymous_33)
FN:644,(anonymous_34)
FN:651,(anonymous_35)
FN:665,(anonymous_36)
FN:684,(anonymous_37)
FN:725,(anonymous_38)
FN:745,(anonymous_39)
FN:768,(anonymous_40)
FN:829,(anonymous_41)
FN:880,(anonymous_42)
FN:904,(anonymous_43)
FN:910,(anonymous_44)
FN:920,(anonymous_45)
FN:936,(anonymous_46)
FNF:47
FNH:0
FNDA:0,generateNextCode
FNDA:0,normalizeCategoryName
FNDA:0,toPlainObject
FNDA:0,withSyncedKategori
FNDA:0,withSyncedKategoriOnParameterMetode
FNDA:0,resolveKategoriParameter
FNDA:0,pickMethodId
FNDA:0,resolvePaketParameterMethods
FNDA:0,(anonymous_8)
FNDA:0,(anonymous_9)
FNDA:0,(anonymous_10)
FNDA:0,(anonymous_11)
FNDA:0,(anonymous_12)
FNDA:0,createPaketMethodRows
FNDA:0,hasOwn
FNDA:0,normalizeActiveFlag
FNDA:0,normalizeNullableText
FNDA:0,hasChanged
FNDA:0,withMasterUsage
FNDA:0,protectedMasterError
FNDA:0,(anonymous_20)
FNDA:0,(anonymous_21)
FNDA:0,(anonymous_22)
FNDA:0,(anonymous_23)
FNDA:0,(anonymous_24)
FNDA:0,(anonymous_25)
FNDA:0,(anonymous_26)
FNDA:0,(anonymous_27)
FNDA:0,(anonymous_28)
FNDA:0,(anonymous_29)
FNDA:0,(anonymous_30)
FNDA:0,(anonymous_31)
FNDA:0,(anonymous_32)
FNDA:0,(anonymous_33)
FNDA:0,(anonymous_34)
FNDA:0,(anonymous_35)
FNDA:0,(anonymous_36)
FNDA:0,(anonymous_37)
FNDA:0,(anonymous_38)
FNDA:0,(anonymous_39)
FNDA:0,(anonymous_40)
FNDA:0,(anonymous_41)
FNDA:0,(anonymous_42)
FNDA:0,(anonymous_43)
FNDA:0,(anonymous_44)
FNDA:0,(anonymous_45)
FNDA:0,(anonymous_46)
DA:13,6
DA:15,6
DA:24,6
DA:33,0
DA:44,0
DA:46,0
DA:47,0
DA:49,0
DA:53,0
DA:54,0
DA:58,0
DA:59,0
DA:61,0
DA:62,0
DA:69,0
DA:70,0
DA:73,0
DA:74,0
DA:80,0
DA:85,0
DA:86,0
DA:87,0
DA:91,0
DA:92,0
DA:94,0
DA:95,0
DA:96,0
DA:98,0
DA:114,0
DA:115,0
DA:117,0
DA:124,0
DA:126,0
DA:127,0
DA:128,0
DA:129,0
DA:136,0
DA:137,0
DA:143,0
DA:148,0
DA:149,0
DA:155,0
DA:163,0
DA:171,0
DA:178,0
DA:179,0
DA:180,0
DA:190,0
DA:191,0
DA:193,0
DA:195,0
DA:196,0
DA:197,0
DA:198,0
DA:200,0
DA:201,0
DA:205,0
DA:206,0
DA:213,0
DA:216,0
DA:217,0
DA:220,0
DA:229,0
DA:230,0
DA:232,0
DA:233,0
DA:236,0
DA:237,0
DA:239,0
DA:246,0
DA:247,0
DA:263,0
DA:267,0
DA:268,0
DA:269,0
DA:270,0
DA:271,0
DA:272,0
DA:276,0
DA:277,0
DA:278,0
DA:282,0
DA:283,0
DA:287,0
DA:288,0
DA:289,0
DA:291,0
DA:303,0
DA:304,0
DA:305,0
DA:306,0
DA:315,0
DA:342,0
DA:346,0
DA:352,0
DA:357,0
DA:361,0
DA:367,0
DA:373,0
DA:375,0
DA:376,0
DA:377,0
DA:379,0
DA:380,0
DA:381,0
DA:384,0
DA:392,0
DA:398,0
DA:408,0
DA:409,0
DA:410,0
DA:413,0
DA:421,0
DA:430,0
DA:431,0
DA:434,0
DA:435,0
DA:438,0
DA:446,0
DA:447,0
DA:450,0
DA:458,0
DA:468,0
DA:470,0
DA:472,0
DA:486,0
DA:487,0
DA:491,0
DA:493,0
DA:494,0
DA:498,0
DA:503,0
DA:504,0
DA:512,0
DA:529,0
DA:533,0
DA:535,0
DA:536,0
DA:539,0
DA:546,0
DA:547,0
DA:555,0
DA:559,0
DA:561,0
DA:562,0
DA:568,0
DA:575,0
DA:584,0
DA:585,0
DA:587,0
DA:588,0
DA:589,0
DA:590,0
DA:592,0
DA:595,0
DA:596,0
DA:602,0
DA:603,0
DA:604,0
DA:605,0
DA:607,0
DA:609,0
DA:610,0
DA:614,0
DA:615,0
DA:617,0
DA:618,0
DA:620,0
DA:621,0
DA:622,0
DA:625,0
DA:626,0
DA:635,0
DA:643,0
DA:645,0
DA:646,0
DA:652,0
DA:659,0
DA:661,0
DA:662,0
DA:666,0
DA:673,0
DA:685,0
DA:686,0
DA:688,0
DA:689,0
DA:691,0
DA:692,0
DA:693,0
DA:694,0
DA:695,0
DA:698,0
DA:704,0
DA:705,0
DA:711,0
DA:712,0
DA:713,0
DA:714,0
DA:715,0
DA:716,0
DA:717,0
DA:719,0
DA:721,0
DA:722,0
DA:726,0
DA:727,0
DA:729,0
DA:730,0
DA:732,0
DA:733,0
DA:734,0
DA:737,0
DA:738,0
DA:746,0
DA:769,0
DA:770,0
DA:771,0
DA:772,0
DA:773,0
DA:779,0
DA:784,0
DA:786,0
DA:794,0
DA:804,0
DA:811,0
DA:812,0
DA:815,0
DA:821,0
DA:822,0
DA:824,0
DA:825,0
DA:830,0
DA:831,0
DA:832,0
DA:833,0
DA:835,0
DA:836,0
DA:837,0
DA:843,0
DA:850,0
DA:852,0
DA:853,0
DA:860,0
DA:861,0
DA:864,0
DA:865,0
DA:872,0
DA:873,0
DA:875,0
DA:876,0
DA:881,0
DA:882,0
DA:883,0
DA:884,0
DA:885,0
DA:891,0
DA:892,0
DA:893,0
DA:894,0
DA:896,0
DA:897,0
DA:905,0
DA:911,0
DA:912,0
DA:913,0
DA:921,0
DA:922,0
DA:923,0
DA:929,0
DA:933,0
DA:937,0
DA:938,0
DA:939,0
DA:945,0
DA:946,0
DA:950,6
LF:276
LH:4
BRDA:50,0,0,0
BRDA:50,0,1,0
BRDA:53,1,0,0
BRDA:53,1,1,0
BRDA:53,2,0,0
BRDA:53,2,1,0
BRDA:69,3,0,0
BRDA:69,3,1,0
BRDA:80,4,0,0
BRDA:80,4,1,0
BRDA:85,5,0,0
BRDA:85,5,1,0
BRDA:86,6,0,0
BRDA:86,6,1,0
BRDA:92,7,0,0
BRDA:92,7,1,0
BRDA:94,8,0,0
BRDA:94,8,1,0
BRDA:94,8,2,0
BRDA:96,9,0,0
BRDA:96,9,1,0
BRDA:96,9,2,0
BRDA:100,10,0,0
BRDA:100,10,1,0
BRDA:100,10,2,0
BRDA:101,11,0,0
BRDA:101,11,1,0
BRDA:101,11,2,0
BRDA:102,12,0,0
BRDA:102,12,1,0
BRDA:102,12,2,0
BRDA:103,13,0,0
BRDA:103,13,1,0
BRDA:106,14,0,0
BRDA:106,14,1,0
BRDA:106,14,2,0
BRDA:107,15,0,0
BRDA:107,15,1,0
BRDA:107,15,2,0
BRDA:115,16,0,0
BRDA:115,16,1,0
BRDA:126,17,0,0
BRDA:126,17,1,0
BRDA:128,18,0,0
BRDA:128,18,1,0
BRDA:136,19,0,0
BRDA:136,19,1,0
BRDA:148,20,0,0
BRDA:148,20,1,0
BRDA:178,21,0,0
BRDA:178,21,1,0
BRDA:179,22,0,0
BRDA:179,22,1,0
BRDA:181,23,0,0
BRDA:181,23,1,0
BRDA:181,23,2,0
BRDA:181,23,3,0
BRDA:181,23,4,0
BRDA:189,24,0,0
BRDA:193,25,0,0
BRDA:193,25,1,0
BRDA:193,26,0,0
BRDA:193,26,1,0
BRDA:197,27,0,0
BRDA:197,27,1,0
BRDA:197,28,0,0
BRDA:197,28,1,0
BRDA:200,29,0,0
BRDA:200,29,1,0
BRDA:200,30,0,0
BRDA:200,30,1,0
BRDA:200,30,2,0
BRDA:205,31,0,0
BRDA:205,31,1,0
BRDA:205,32,0,0
BRDA:205,32,1,0
BRDA:216,33,0,0
BRDA:216,33,1,0
BRDA:232,34,0,0
BRDA:232,34,1,0
BRDA:241,35,0,0
BRDA:241,35,1,0
BRDA:241,36,0,0
BRDA:241,36,1,0
BRDA:241,37,0,0
BRDA:241,37,1,0
BRDA:255,38,0,0
BRDA:255,38,1,0
BRDA:263,39,0,0
BRDA:263,39,1,0
BRDA:266,40,0,0
BRDA:267,41,0,0
BRDA:267,41,1,0
BRDA:267,42,0,0
BRDA:267,42,1,0
BRDA:267,42,2,0
BRDA:267,43,0,0
BRDA:267,43,1,0
BRDA:267,44,0,0
BRDA:267,44,1,0
BRDA:268,45,0,0
BRDA:268,45,1,0
BRDA:268,46,0,0
BRDA:268,46,1,0
BRDA:270,47,0,0
BRDA:270,47,1,0
BRDA:271,48,0,0
BRDA:271,48,1,0
BRDA:272,49,0,0
BRDA:272,49,1,0
BRDA:276,50,0,0
BRDA:276,50,1,0
BRDA:277,51,0,0
BRDA:277,51,1,0
BRDA:278,52,0,0
BRDA:278,52,1,0
BRDA:282,53,0,0
BRDA:282,53,1,0
BRDA:283,54,0,0
BRDA:283,54,1,0
BRDA:283,55,0,0
BRDA:283,55,1,0
BRDA:286,56,0,0
BRDA:289,57,0,0
BRDA:289,57,1,0
BRDA:289,57,2,0
BRDA:295,58,0,0
BRDA:295,58,1,0
BRDA:296,59,0,0
BRDA:296,59,1,0
BRDA:298,60,0,0
BRDA:298,60,1,0
BRDA:379,61,0,0
BRDA:379,61,1,0
BRDA:380,62,0,0
BRDA:380,62,1,0
BRDA:380,63,0,0
BRDA:380,63,1,0
BRDA:393,64,0,0
BRDA:393,64,1,0
BRDA:394,65,0,0
BRDA:394,65,1,0
BRDA:394,65,2,0
BRDA:408,66,0,0
BRDA:408,66,1,0
BRDA:409,67,0,0
BRDA:409,67,1,0
BRDA:409,68,0,0
BRDA:409,68,1,0
BRDA:430,69,0,0
BRDA:430,69,1,0
BRDA:434,70,0,0
BRDA:434,70,1,0
BRDA:446,71,0,0
BRDA:446,71,1,0
BRDA:462,72,0,0
BRDA:462,72,1,0
BRDA:463,73,0,0
BRDA:463,73,1,0
BRDA:464,74,0,0
BRDA:464,74,1,0
BRDA:465,75,0,0
BRDA:465,75,1,0
BRDA:493,76,0,0
BRDA:493,76,1,0
BRDA:498,77,0,0
BRDA:498,77,1,0
BRDA:498,77,2,0
BRDA:498,77,3,0
BRDA:503,78,0,0
BRDA:503,78,1,0
BRDA:513,79,0,0
BRDA:513,79,1,0
BRDA:514,80,0,0
BRDA:514,80,1,0
BRDA:516,81,0,0
BRDA:516,81,1,0
BRDA:517,82,0,0
BRDA:517,82,1,0
BRDA:522,83,0,0
BRDA:522,83,1,0
BRDA:523,84,0,0
BRDA:523,84,1,0
BRDA:535,85,0,0
BRDA:535,85,1,0
BRDA:577,86,0,0
BRDA:577,86,1,0
BRDA:578,87,0,0
BRDA:578,87,1,0
BRDA:585,88,0,0
BRDA:585,88,1,0
BRDA:589,89,0,0
BRDA:589,89,1,0
BRDA:589,90,0,0
BRDA:589,90,1,0
BRDA:590,91,0,0
BRDA:590,91,1,0
BRDA:590,92,0,0
BRDA:590,92,1,0
BRDA:592,93,0,0
BRDA:592,93,1,0
BRDA:595,94,0,0
BRDA:595,94,1,0
BRDA:595,95,0,0
BRDA:595,95,1,0
BRDA:603,96,0,0
BRDA:603,96,1,0
BRDA:604,97,0,0
BRDA:604,97,1,0
BRDA:605,98,0,0
BRDA:605,98,1,0
BRDA:615,99,0,0
BRDA:615,99,1,0
BRDA:620,100,0,0
BRDA:620,100,1,0
BRDA:659,101,0,0
BRDA:659,101,1,0
BRDA:678,102,0,0
BRDA:678,102,1,0
BRDA:686,103,0,0
BRDA:686,103,1,0
BRDA:689,104,0,0
BRDA:689,104,1,0
BRDA:691,105,0,0
BRDA:691,105,1,0
BRDA:691,106,0,0
BRDA:691,106,1,0
BRDA:692,107,0,0
BRDA:692,107,1,0
BRDA:692,108,0,0
BRDA:692,108,1,0
BRDA:693,109,0,0
BRDA:693,109,1,0
BRDA:694,110,0,0
BRDA:694,110,1,0
BRDA:694,111,0,0
BRDA:694,111,1,0
BRDA:695,112,0,0
BRDA:695,112,1,0
BRDA:698,113,0,0
BRDA:698,113,1,0
BRDA:698,113,2,0
BRDA:698,113,3,0
BRDA:698,113,4,0
BRDA:704,114,0,0
BRDA:704,114,1,0
BRDA:704,115,0,0
BRDA:704,115,1,0
BRDA:712,116,0,0
BRDA:712,116,1,0
BRDA:713,117,0,0
BRDA:713,117,1,0
BRDA:714,118,0,0
BRDA:714,118,1,0
BRDA:715,119,0,0
BRDA:715,119,1,0
BRDA:716,120,0,0
BRDA:716,120,1,0
BRDA:717,121,0,0
BRDA:717,121,1,0
BRDA:727,122,0,0
BRDA:727,122,1,0
BRDA:730,123,0,0
BRDA:730,123,1,0
BRDA:732,124,0,0
BRDA:732,124,1,0
BRDA:772,125,0,0
BRDA:772,125,1,0
BRDA:772,126,0,0
BRDA:772,126,1,0
BRDA:784,127,0,0
BRDA:784,127,1,0
BRDA:798,128,0,0
BRDA:798,128,1,0
BRDA:799,129,0,0
BRDA:799,129,1,0
BRDA:800,130,0,0
BRDA:800,130,1,0
BRDA:801,131,0,0
BRDA:801,131,1,0
BRDA:806,132,0,0
BRDA:806,132,1,0
BRDA:806,132,2,0
BRDA:806,132,3,0
BRDA:811,133,0,0
BRDA:811,133,1,0
BRDA:833,134,0,0
BRDA:833,134,1,0
BRDA:836,135,0,0
BRDA:836,135,1,0
BRDA:836,136,0,0
BRDA:836,136,1,0
BRDA:844,137,0,0
BRDA:844,137,1,0
BRDA:845,138,0,0
BRDA:845,138,1,0
BRDA:846,139,0,0
BRDA:846,139,1,0
BRDA:847,140,0,0
BRDA:847,140,1,0
BRDA:850,141,0,0
BRDA:850,141,1,0
BRDA:850,141,2,0
BRDA:850,141,3,0
BRDA:852,142,0,0
BRDA:852,142,1,0
BRDA:855,143,0,0
BRDA:855,143,1,0
BRDA:855,143,2,0
BRDA:855,143,3,0
BRDA:860,144,0,0
BRDA:860,144,1,0
BRDA:884,145,0,0
BRDA:884,145,1,0
BRDA:884,146,0,0
BRDA:884,146,1,0
BRDA:916,147,0,0
BRDA:916,147,1,0
BRDA:922,148,0,0
BRDA:922,148,1,0
BRDA:930,149,0,0
BRDA:930,149,1,0
BRDA:931,150,0,0
BRDA:931,150,1,0
BRDA:938,151,0,0
BRDA:938,151,1,0
BRF:326
BRH:0
end_of_record
TN:
SF:src\services\assignment.service.js
FNF:0
FNH:0
DA:7,0
DA:10,0
DA:13,0
DA:21,0
DA:24,0
DA:27,0
DA:32,0
DA:41,0
DA:44,0
DA:48,0
DA:53,0
DA:55,0
LF:12
LH:0
BRF:0
BRH:0
end_of_record
TN:
SF:src\services\auth.service.js
FN:15,(anonymous_0)
FN:23,(anonymous_1)
FN:27,(anonymous_2)
FN:31,(anonymous_3)
FN:35,(anonymous_4)
FN:39,(anonymous_5)
FN:43,(anonymous_6)
FN:47,(anonymous_7)
FN:56,(anonymous_8)
FN:62,(anonymous_9)
FN:66,(anonymous_10)
FN:74,(anonymous_11)
FN:96,(anonymous_12)
FN:119,(anonymous_13)
FN:193,(anonymous_14)
FN:260,(anonymous_15)
FN:329,(anonymous_16)
FN:381,(anonymous_17)
FN:430,(anonymous_18)
FN:449,(anonymous_19)
FNF:20
FNH:8
FNDA:1,(anonymous_0)
FNDA:2,(anonymous_1)
FNDA:4,(anonymous_2)
FNDA:0,(anonymous_3)
FNDA:0,(anonymous_4)
FNDA:1,(anonymous_5)
FNDA:0,(anonymous_6)
FNDA:0,(anonymous_7)
FNDA:1,(anonymous_8)
FNDA:1,(anonymous_9)
FNDA:1,(anonymous_10)
FNDA:1,(anonymous_11)
FNDA:0,(anonymous_12)
FNDA:0,(anonymous_13)
FNDA:0,(anonymous_14)
FNDA:0,(anonymous_15)
FNDA:0,(anonymous_16)
FNDA:0,(anonymous_17)
FNDA:0,(anonymous_18)
FNDA:0,(anonymous_19)
DA:1,1
DA:2,1
DA:3,1
DA:4,1
DA:6,1
DA:7,1
DA:8,1
DA:9,1
DA:11,1
DA:12,1
DA:13,1
DA:15,1
DA:16,1
DA:23,1
DA:24,2
DA:27,1
DA:28,4
DA:31,1
DA:32,0
DA:35,1
DA:36,0
DA:39,1
DA:40,1
DA:43,1
DA:44,0
DA:47,1
DA:48,0
DA:56,1
DA:57,1
DA:62,1
DA:63,1
DA:66,1
DA:67,1
DA:68,1
DA:69,0
DA:70,0
DA:71,0
DA:74,1
DA:75,1
DA:76,1
DA:77,1
DA:78,1
DA:80,1
DA:96,1
DA:97,0
DA:119,1
DA:120,0
DA:122,0
DA:123,0
DA:124,0
DA:126,0
DA:127,0
DA:130,0
DA:132,0
DA:133,0
DA:136,0
DA:137,0
DA:140,0
DA:142,0
DA:143,0
DA:144,0
DA:147,0
DA:150,0
DA:151,0
DA:154,0
DA:157,0
DA:158,0
DA:161,0
DA:162,0
DA:164,0
DA:173,0
DA:174,0
DA:175,0
DA:177,0
DA:182,0
DA:183,0
DA:185,0
DA:193,1
DA:194,0
DA:195,0
DA:197,0
DA:198,0
DA:201,0
DA:228,0
DA:229,0
DA:232,0
DA:233,0
DA:236,0
DA:237,0
DA:238,0
DA:241,0
DA:242,0
DA:243,0
DA:245,0
DA:250,0
DA:252,0
DA:260,1
DA:261,0
DA:263,0
DA:264,0
DA:267,0
DA:268,0
DA:271,0
DA:276,0
DA:277,0
DA:281,0
DA:282,0
DA:285,0
DA:286,0
DA:287,0
DA:289,0
DA:294,0
DA:295,0
DA:296,0
DA:298,0
DA:326,0
DA:329,1
DA:330,0
DA:331,0
DA:332,0
DA:334,0
DA:335,0
DA:338,0
DA:340,0
DA:341,0
DA:344,0
DA:345,0
DA:348,0
DA:350,0
DA:359,0
DA:360,0
DA:363,0
DA:364,0
DA:367,0
DA:368,0
DA:370,0
DA:378,0
DA:381,1
DA:382,0
DA:383,0
DA:386,0
DA:387,0
DA:389,0
DA:390,0
DA:393,0
DA:394,0
DA:399,0
DA:402,0
DA:403,0
DA:408,0
DA:411,0
DA:412,0
DA:413,0
DA:415,0
DA:420,0
DA:422,0
DA:430,1
DA:431,0
DA:432,0
DA:435,0
DA:437,0
DA:441,0
DA:442,0
DA:449,1
DA:450,0
DA:452,0
DA:453,0
DA:456,0
DA:459,1
LF:169
LH:45
BRDA:11,0,0,1
BRDA:11,0,1,1
BRDA:12,1,0,1
BRDA:12,1,1,1
BRDA:13,2,0,1
BRDA:13,2,1,1
BRDA:48,3,0,0
BRDA:48,3,1,0
BRDA:57,4,0,1
BRDA:57,4,1,0
BRDA:57,5,0,1
BRDA:57,5,1,1
BRDA:63,6,0,1
BRDA:63,6,1,1
BRDA:63,6,2,0
BRDA:67,7,0,0
BRDA:67,7,1,1
BRDA:68,8,0,1
BRDA:68,8,1,0
BRDA:69,9,0,0
BRDA:69,9,1,0
BRDA:70,10,0,0
BRDA:70,10,1,0
BRDA:75,11,0,1
BRDA:75,11,1,0
BRDA:78,12,0,1
BRDA:78,12,1,0
BRDA:85,13,0,1
BRDA:85,13,1,0
BRDA:87,14,0,1
BRDA:87,14,1,0
BRDA:88,15,0,1
BRDA:88,15,1,0
BRDA:89,16,0,1
BRDA:89,16,1,0
BRDA:90,17,0,1
BRDA:90,17,1,0
BRDA:91,18,0,1
BRDA:91,18,1,0
BRDA:92,19,0,1
BRDA:92,19,1,0
BRDA:122,20,0,0
BRDA:122,20,1,0
BRDA:123,21,0,0
BRDA:123,21,1,0
BRDA:124,22,0,0
BRDA:124,22,1,0
BRDA:126,23,0,0
BRDA:126,23,1,0
BRDA:126,24,0,0
BRDA:126,24,1,0
BRDA:132,25,0,0
BRDA:132,25,1,0
BRDA:136,26,0,0
BRDA:136,26,1,0
BRDA:143,27,0,0
BRDA:143,27,1,0
BRDA:150,28,0,0
BRDA:150,28,1,0
BRDA:157,29,0,0
BRDA:157,29,1,0
BRDA:194,30,0,0
BRDA:194,30,1,0
BRDA:197,31,0,0
BRDA:197,31,1,0
BRDA:197,32,0,0
BRDA:197,32,1,0
BRDA:228,33,0,0
BRDA:228,33,1,0
BRDA:232,34,0,0
BRDA:232,34,1,0
BRDA:237,35,0,0
BRDA:237,35,1,0
BRDA:261,36,0,0
BRDA:261,36,1,0
BRDA:263,37,0,0
BRDA:263,37,1,0
BRDA:267,38,0,0
BRDA:267,38,1,0
BRDA:276,39,0,0
BRDA:276,39,1,0
BRDA:281,40,0,0
BRDA:281,40,1,0
BRDA:294,41,0,0
BRDA:294,41,1,0
BRDA:296,42,0,0
BRDA:296,42,1,0
BRDA:296,42,2,0
BRDA:302,43,0,0
BRDA:302,43,1,0
BRDA:330,44,0,0
BRDA:330,44,1,0
BRDA:331,45,0,0
BRDA:331,45,1,0
BRDA:332,46,0,0
BRDA:332,46,1,0
BRDA:334,47,0,0
BRDA:334,47,1,0
BRDA:340,48,0,0
BRDA:340,48,1,0
BRDA:344,49,0,0
BRDA:344,49,1,0
BRDA:359,50,0,0
BRDA:359,50,1,0
BRDA:363,51,0,0
BRDA:363,51,1,0
BRDA:382,52,0,0
BRDA:382,52,1,0
BRDA:389,53,0,0
BRDA:389,53,1,0
BRDA:393,54,0,0
BRDA:393,54,1,0
BRDA:393,55,0,0
BRDA:393,55,1,0
BRDA:402,56,0,0
BRDA:402,56,1,0
BRDA:431,57,0,0
BRDA:431,57,1,0
BRDA:441,58,0,0
BRDA:441,58,1,0
BRDA:452,59,0,0
BRDA:452,59,1,0
BRF:122
BRH:22
end_of_record
TN:
SF:src\services\invoice-pdf.service.js
FN:26,(anonymous_0)
FN:28,safeDrawImage
FN:39,valueOrDash
FN:47,formatCurrency
FN:52,formatDateId
FN:66,formatDateShortId
FN:80,getInvoiceStatusLabel
FN:91,getInvoiceStatusStyle
FN:131,drawInvoiceStatusBadge
FN:156,safeFilename
FN:163,getChildRows
FN:167,getSampleType
FN:177,getRegBmLabel
FN:188,loadInvoicePdfData
FN:295,(anonymous_14)
FN:296,(anonymous_15)
FN:301,(anonymous_16)
FN:312,(anonymous_17)
FN:368,drawTextCell
FN:381,getInvoiceTableColumnWidths
FN:385,measureCellHeight
FN:401,drawTableHeader
FN:416,(anonymous_22)
FN:430,buildInvoiceRowValues
FN:476,measureTableRowHeight
FN:488,(anonymous_25)
FN:495,drawTableValuesRow
FN:509,(anonymous_27)
FN:520,drawTableRow
FN:527,drawSamplingAndTotal
FN:533,(anonymous_30)
FN:618,drawFooterPageNumbers
FN:638,drawHeader
FN:723,drawSignature
FN:754,generatePdfBuffer
FN:755,(anonymous_35)
FN:764,(anonymous_36)
FN:766,(anonymous_37)
FN:776,(anonymous_38)
FN:811,generateInvoicePdf
FNF:40
FNH:1
FNDA:6,(anonymous_0)
FNDA:0,safeDrawImage
FNDA:0,valueOrDash
FNDA:0,formatCurrency
FNDA:0,formatDateId
FNDA:0,formatDateShortId
FNDA:0,getInvoiceStatusLabel
FNDA:0,getInvoiceStatusStyle
FNDA:0,drawInvoiceStatusBadge
FNDA:0,safeFilename
FNDA:0,getChildRows
FNDA:0,getSampleType
FNDA:0,getRegBmLabel
FNDA:0,loadInvoicePdfData
FNDA:0,(anonymous_14)
FNDA:0,(anonymous_15)
FNDA:0,(anonymous_16)
FNDA:0,(anonymous_17)
FNDA:0,drawTextCell
FNDA:0,getInvoiceTableColumnWidths
FNDA:0,measureCellHeight
FNDA:0,drawTableHeader
FNDA:0,(anonymous_22)
FNDA:0,buildInvoiceRowValues
FNDA:0,measureTableRowHeight
FNDA:0,(anonymous_25)
FNDA:0,drawTableValuesRow
FNDA:0,(anonymous_27)
FNDA:0,drawTableRow
FNDA:0,drawSamplingAndTotal
FNDA:0,(anonymous_30)
FNDA:0,drawFooterPageNumbers
FNDA:0,drawHeader
FNDA:0,drawSignature
FNDA:0,generatePdfBuffer
FNDA:0,(anonymous_35)
FNDA:0,(anonymous_36)
FNDA:0,(anonymous_37)
FNDA:0,(anonymous_38)
FNDA:0,generateInvoicePdf
DA:1,6
DA:2,6
DA:3,6
DA:17,6
DA:19,6
DA:21,6
DA:26,6
DA:29,0
DA:31,0
DA:32,0
DA:33,0
DA:35,0
DA:36,0
DA:40,0
DA:41,0
DA:44,0
DA:48,0
DA:49,0
DA:53,0
DA:55,0
DA:56,0
DA:59,0
DA:67,0
DA:69,0
DA:70,0
DA:73,0
DA:81,0
DA:83,0
DA:84,0
DA:85,0
DA:86,0
DA:88,0
DA:92,0
DA:93,0
DA:100,0
DA:101,0
DA:108,0
DA:109,0
DA:116,0
DA:117,0
DA:124,0
DA:132,0
DA:133,0
DA:135,0
DA:136,0
DA:138,0
DA:144,0
DA:153,0
DA:157,0
DA:164,0
DA:168,0
DA:178,0
DA:180,0
DA:182,0
DA:183,0
DA:185,0
DA:189,0
DA:269,0
DA:270,0
DA:271,0
DA:272,0
DA:275,0
DA:276,0
DA:278,0
DA:279,0
DA:280,0
DA:281,0
DA:284,0
DA:286,0
DA:287,0
DA:288,0
DA:289,0
DA:292,0
DA:294,0
DA:295,0
DA:296,0
DA:299,0
DA:301,0
DA:302,0
DA:303,0
DA:304,0
DA:306,0
DA:312,0
DA:314,0
DA:319,0
DA:326,0
DA:330,0
DA:331,0
DA:334,0
DA:338,0
DA:358,0
DA:369,0
DA:382,0
DA:386,0
DA:387,0
DA:388,0
DA:389,0
DA:391,0
DA:393,0
DA:402,0
DA:413,0
DA:414,0
DA:416,0
DA:417,0
DA:418,0
DA:424,0
DA:427,0
DA:431,0
DA:433,0
DA:434,0
DA:437,0
DA:438,0
DA:441,0
DA:443,0
DA:444,0
DA:447,0
DA:448,0
DA:451,0
DA:452,0
DA:453,0
DA:460,0
DA:461,0
DA:464,0
DA:477,0
DA:488,0
DA:489,0
DA:492,0
DA:496,0
DA:507,0
DA:509,0
DA:510,0
DA:512,0
DA:514,0
DA:517,0
DA:521,0
DA:522,0
DA:523,0
DA:528,0
DA:529,0
DA:530,0
DA:531,0
DA:532,0
DA:533,0
DA:536,0
DA:537,0
DA:538,0
DA:540,0
DA:544,0
DA:546,0
DA:552,0
DA:554,0
DA:560,0
DA:568,0
DA:570,0
DA:578,0
DA:584,0
DA:592,0
DA:594,0
DA:596,0
DA:598,0
DA:600,0
DA:605,0
DA:613,0
DA:615,0
DA:619,0
DA:620,0
DA:622,0
DA:623,0
DA:624,0
DA:634,0
DA:639,0
DA:641,0
DA:645,0
DA:654,0
DA:659,0
DA:664,0
DA:672,0
DA:674,0
DA:683,0
DA:684,0
DA:685,0
DA:687,0
DA:688,0
DA:690,0
DA:692,0
DA:693,0
DA:694,0
DA:696,0
DA:697,0
DA:698,0
DA:700,0
DA:701,0
DA:702,0
DA:706,0
DA:707,0
DA:708,0
DA:710,0
DA:711,0
DA:712,0
DA:716,0
DA:717,0
DA:718,0
DA:720,0
DA:724,0
DA:726,0
DA:728,0
DA:733,0
DA:738,0
DA:743,0
DA:748,0
DA:755,0
DA:756,0
DA:762,0
DA:764,0
DA:765,0
DA:766,0
DA:768,0
DA:770,0
DA:771,0
DA:772,0
DA:774,0
DA:776,0
DA:777,0
DA:778,0
DA:780,0
DA:781,0
DA:782,0
DA:783,0
DA:786,0
DA:789,0
DA:791,0
DA:792,0
DA:793,0
DA:796,0
DA:798,0
DA:799,0
DA:800,0
DA:803,0
DA:805,0
DA:807,0
DA:812,0
DA:813,0
DA:815,0
DA:819,0
DA:825,6
LF:245
LH:8
BRDA:26,0,0,6
BRDA:26,0,1,0
BRDA:28,1,0,0
BRDA:29,2,0,0
BRDA:29,2,1,0
BRDA:29,3,0,0
BRDA:29,3,1,0
BRDA:40,4,0,0
BRDA:40,4,1,0
BRDA:40,5,0,0
BRDA:40,5,1,0
BRDA:40,5,2,0
BRDA:48,6,0,0
BRDA:48,6,1,0
BRDA:52,7,0,0
BRDA:55,8,0,0
BRDA:55,8,1,0
BRDA:66,9,0,0
BRDA:69,10,0,0
BRDA:69,10,1,0
BRDA:81,11,0,0
BRDA:81,11,1,0
BRDA:81,11,2,0
BRDA:83,12,0,0
BRDA:83,12,1,0
BRDA:84,13,0,0
BRDA:84,13,1,0
BRDA:85,14,0,0
BRDA:85,14,1,0
BRDA:86,15,0,0
BRDA:86,15,1,0
BRDA:92,16,0,0
BRDA:92,16,1,0
BRDA:100,17,0,0
BRDA:100,17,1,0
BRDA:108,18,0,0
BRDA:108,18,1,0
BRDA:116,19,0,0
BRDA:116,19,1,0
BRDA:135,20,0,0
BRDA:135,20,1,0
BRDA:157,21,0,0
BRDA:157,21,1,0
BRDA:164,22,0,0
BRDA:164,22,1,0
BRDA:164,22,2,0
BRDA:169,23,0,0
BRDA:169,23,1,0
BRDA:169,23,2,0
BRDA:169,23,3,0
BRDA:169,23,4,0
BRDA:178,24,0,0
BRDA:178,24,1,0
BRDA:180,25,0,0
[...]
FNDA:1,(anonymous_9)
FNDA:1,(anonymous_10)
FNDA:1,(anonymous_11)
DA:7,6
DA:10,2
DA:11,2
DA:12,2
DA:17,3
DA:18,3
DA:19,3
DA:21,3
DA:22,3
DA:23,3
DA:24,3
DA:26,3
DA:31,6
DA:34,6
DA:35,6
DA:37,6
DA:38,3
DA:40,3
DA:41,3
DA:42,1
DA:45,2
DA:46,2
DA:47,2
DA:48,2
DA:51,2
DA:53,2
DA:54,0
DA:57,2
DA:58,0
DA:61,2
DA:62,0
DA:63,0
DA:67,2
DA:68,2
DA:69,2
DA:71,2
DA:72,0
DA:76,2
DA:77,0
DA:80,2
DA:83,6
DA:84,1
DA:85,1
DA:86,1
DA:88,1
DA:89,1
DA:91,1
DA:92,1
DA:94,1
DA:95,0
DA:98,1
DA:99,0
DA:102,1
DA:105,6
DA:106,2
DA:108,2
DA:109,0
DA:112,2
DA:113,2
DA:114,2
DA:115,2
DA:117,2
DA:119,2
DA:120,1
DA:123,1
DA:124,0
DA:128,1
DA:131,6
DA:132,2
DA:134,2
DA:135,0
DA:138,2
DA:139,2
DA:141,2
DA:142,2
DA:144,2
DA:145,2
DA:147,2
DA:148,0
DA:151,2
DA:152,0
DA:155,2
DA:156,1
DA:159,1
DA:160,1
DA:161,1
DA:162,1
DA:164,1
DA:165,1
DA:166,1
DA:167,0
DA:171,1
DA:175,6
DA:176,0
DA:177,0
DA:184,0
DA:186,0
DA:189,6
DA:190,0
DA:192,0
DA:193,0
DA:196,0
DA:197,0
DA:198,0
DA:199,0
DA:200,0
DA:202,0
DA:203,0
DA:206,0
DA:207,0
DA:208,0
DA:211,0
DA:212,0
DA:213,0
DA:216,0
DA:219,6
DA:220,1
DA:221,1
DA:223,1
DA:231,1
DA:232,1
DA:234,1
DA:235,1
DA:236,1
DA:237,1
DA:239,1
DA:240,0
DA:243,1
DA:244,0
DA:247,1
DA:249,1
DA:250,0
DA:253,1
DA:254,0
DA:258,1
DA:261,0
DA:262,0
DA:264,0
DA:267,6
DA:268,1
DA:269,1
DA:270,1
DA:273,6
DA:274,1
DA:275,1
DA:277,1
DA:279,1
DA:280,0
DA:283,1
DA:285,1
DA:286,1
DA:287,1
DA:288,1
DA:290,1
DA:291,0
DA:294,1
DA:295,0
DA:298,1
DA:300,1
DA:301,0
DA:304,1
DA:305,0
DA:309,1
DA:312,6
LF:164
LH:117
BRDA:9,0,0,0
BRDA:10,1,0,2
BRDA:10,1,1,0
BRDA:11,2,0,2
BRDA:11,2,1,0
BRDA:12,3,0,2
BRDA:12,3,1,2
BRDA:18,4,0,0
BRDA:18,4,1,3
BRDA:19,5,0,0
BRDA:19,5,1,3
BRDA:38,6,0,3
BRDA:38,6,1,0
BRDA:40,7,0,0
BRDA:40,7,1,3
BRDA:41,8,0,1
BRDA:41,8,1,2
BRDA:41,9,0,3
BRDA:41,9,1,3
BRDA:46,10,0,2
BRDA:46,10,1,0
BRDA:47,11,0,0
BRDA:47,11,1,2
BRDA:48,12,0,2
BRDA:48,12,1,0
BRDA:48,13,0,2
BRDA:48,13,1,0
BRDA:49,14,0,2
BRDA:49,14,1,0
BRDA:51,15,0,2
BRDA:51,15,1,0
BRDA:51,15,2,0
BRDA:51,15,3,0
BRDA:53,16,0,0
BRDA:53,16,1,2
BRDA:53,17,0,2
BRDA:53,17,1,0
BRDA:57,18,0,0
BRDA:57,18,1,2
BRDA:57,19,0,2
BRDA:57,19,1,2
BRDA:62,20,0,0
BRDA:62,20,1,0
BRDA:62,21,0,0
BRDA:62,21,1,0
BRDA:62,22,0,0
BRDA:62,22,1,0
BRDA:62,23,0,0
BRDA:62,23,1,0
BRDA:67,24,0,2
BRDA:67,24,1,0
BRDA:69,25,0,0
BRDA:69,25,1,2
BRDA:71,26,0,0
BRDA:71,26,1,2
BRDA:71,27,0,2
BRDA:71,27,1,0
BRDA:76,28,0,0
BRDA:76,28,1,2
BRDA:84,29,0,1
BRDA:84,29,1,0
BRDA:85,30,0,1
BRDA:85,30,1,0
BRDA:86,31,0,1
BRDA:86,31,1,0
BRDA:89,32,0,0
BRDA:89,32,1,1
BRDA:92,33,0,0
BRDA:92,33,1,1
BRDA:94,34,0,0
BRDA:94,34,1,1
BRDA:94,35,0,1
BRDA:94,35,1,1
BRDA:94,35,2,1
BRDA:98,36,0,0
BRDA:98,36,1,1
BRDA:98,37,0,1
BRDA:98,37,1,0
BRDA:106,38,0,2
BRDA:106,38,1,0
BRDA:108,39,0,0
BRDA:108,39,1,2
BRDA:113,40,0,2
BRDA:113,40,1,0
BRDA:114,41,0,2
BRDA:114,41,1,0
BRDA:117,42,0,0
BRDA:117,42,1,2
BRDA:119,43,0,1
BRDA:119,43,1,1
BRDA:119,44,0,2
BRDA:119,44,1,2
BRDA:123,45,0,0
BRDA:123,45,1,1
BRDA:123,46,0,1
BRDA:123,46,1,0
BRDA:132,47,0,0
BRDA:132,48,0,2
BRDA:132,48,1,0
BRDA:134,49,0,0
BRDA:134,49,1,2
BRDA:134,50,0,2
BRDA:134,50,1,2
BRDA:138,51,0,2
BRDA:138,51,1,0
BRDA:139,52,0,2
BRDA:139,52,1,0
BRDA:142,53,0,0
BRDA:142,53,1,2
BRDA:145,54,0,0
BRDA:145,54,1,2
BRDA:147,55,0,0
BRDA:147,55,1,2
BRDA:151,56,0,0
BRDA:151,56,1,2
BRDA:151,57,0,2
BRDA:151,57,1,0
BRDA:155,58,0,1
BRDA:155,58,1,1
BRDA:155,59,0,2
BRDA:155,59,1,1
BRDA:160,60,0,1
BRDA:160,60,1,0
BRDA:161,61,0,1
BRDA:161,61,1,0
BRDA:164,62,0,0
BRDA:164,62,1,1
BRDA:165,63,0,0
BRDA:165,63,1,1
BRDA:166,64,0,0
BRDA:166,64,1,1
BRDA:176,65,0,0
BRDA:176,65,1,0
BRDA:176,65,2,0
BRDA:184,66,0,0
BRDA:184,66,1,0
BRDA:190,67,0,0
BRDA:190,67,1,0
BRDA:192,68,0,0
BRDA:192,68,1,0
BRDA:192,69,0,0
BRDA:192,69,1,0
BRDA:197,70,0,0
BRDA:197,70,1,0
BRDA:198,71,0,0
BRDA:198,71,1,0
BRDA:199,72,0,0
BRDA:199,72,1,0
BRDA:202,73,0,0
BRDA:202,73,1,0
BRDA:202,74,0,0
BRDA:202,74,1,0
BRDA:206,75,0,0
BRDA:206,75,1,0
BRDA:207,76,0,0
BRDA:207,76,1,0
BRDA:211,77,0,0
BRDA:211,77,1,0
BRDA:213,78,0,0
BRDA:213,78,1,0
BRDA:220,79,0,1
BRDA:220,79,1,0
BRDA:221,80,0,1
BRDA:221,80,1,1
BRDA:221,80,2,1
BRDA:223,81,0,1
BRDA:223,81,1,1
BRDA:223,81,2,1
BRDA:223,81,3,0
BRDA:223,81,4,0
BRDA:223,81,5,0
BRDA:223,81,6,0
BRDA:231,82,0,1
BRDA:231,82,1,0
BRDA:231,83,0,1
BRDA:231,83,1,1
BRDA:235,84,0,1
BRDA:235,84,1,0
BRDA:236,85,0,1
BRDA:236,85,1,0
BRDA:236,85,2,0
BRDA:236,85,3,0
BRDA:237,86,0,1
BRDA:237,86,1,0
BRDA:237,87,0,1
BRDA:237,87,1,0
BRDA:239,88,0,0
BRDA:239,88,1,1
BRDA:243,89,0,0
BRDA:243,89,1,1
BRDA:249,90,0,0
BRDA:249,90,1,1
BRDA:253,91,0,0
BRDA:253,91,1,1
BRDA:261,92,0,0
BRDA:261,92,1,0
BRDA:262,93,0,0
BRDA:262,93,1,0
BRDA:268,94,0,1
BRDA:268,94,1,0
BRDA:268,94,2,0
BRDA:268,94,3,0
BRDA:269,95,0,0
BRDA:269,95,1,1
BRDA:274,96,0,1
BRDA:274,96,1,0
BRDA:274,96,2,0
BRDA:274,96,3,0
BRDA:275,97,0,1
BRDA:275,97,1,0
BRDA:275,97,2,0
BRDA:275,97,3,0
BRDA:275,97,4,0
BRDA:277,98,0,0
BRDA:277,98,1,1
BRDA:279,99,0,0
BRDA:279,99,1,1
BRDA:279,100,0,1
BRDA:279,100,1,1
BRDA:286,101,0,1
BRDA:286,101,1,0
BRDA:287,102,0,1
BRDA:287,102,1,0
BRDA:287,102,2,0
BRDA:287,102,3,0
BRDA:288,103,0,1
BRDA:288,103,1,0
BRDA:288,104,0,1
BRDA:288,104,1,0
BRDA:290,105,0,0
BRDA:290,105,1,1
BRDA:294,106,0,0
BRDA:294,106,1,1
BRDA:300,107,0,0
BRDA:300,107,1,1
BRDA:304,108,0,0
BRDA:304,108,1,1
BRF:237
BRH:104
end_of_record
TN:
SF:src\validators\auth.validator.js
FN:4,(anonymous_0)
FN:41,(anonymous_1)
FNF:2
FNH:2
FNDA:2,(anonymous_0)
FNDA:2,(anonymous_1)
DA:1,6
DA:2,6
DA:4,6
DA:5,2
DA:7,2
DA:8,2
DA:9,2
DA:11,2
DA:12,0
DA:15,2
DA:16,0
DA:19,2
DA:20,2
DA:21,0
DA:24,2
DA:25,2
DA:26,1
DA:29,1
DA:30,1
DA:31,0
DA:34,1
DA:35,1
DA:36,1
DA:38,1
DA:41,6
DA:42,2
DA:43,2
DA:45,2
DA:46,0
DA:49,2
DA:52,6
LF:31
LH:26
BRDA:7,0,0,2
BRDA:7,0,1,0
BRDA:8,1,0,2
BRDA:8,1,1,0
BRDA:9,2,0,2
BRDA:9,2,1,0
BRDA:11,3,0,0
BRDA:11,3,1,2
BRDA:11,4,0,2
BRDA:11,4,1,2
BRDA:11,4,2,2
BRDA:11,4,3,2
BRDA:15,5,0,0
BRDA:15,5,1,2
BRDA:20,6,0,0
BRDA:20,6,1,2
BRDA:25,7,0,1
BRDA:25,7,1,1
BRDA:30,8,0,0
BRDA:30,8,1,1
BRDA:43,9,0,2
BRDA:43,9,1,0
BRDA:43,9,2,0
BRDA:45,10,0,0
BRDA:45,10,1,2
BRDA:45,11,0,2
BRDA:45,11,1,2
BRF:27
BRH:17
end_of_record
TN:
SF:src\validators\business-day.validator.js
FN:13,extractNoSampelFromAssignmentItem
FN:18,(anonymous_1)
FN:25,(anonymous_2)
FN:33,loadSamplesMap
FN:42,(anonymous_4)
FN:45,getSampleReceivedDate
FN:49,getWorkflowCurrentYmd
FN:63,loadHolidayRows
FN:73,validateDeadlineAgainstSample
FN:88,(anonymous_9)
FN:124,loadSamplesByPenugasanDetail
FN:130,(anonymous_11)
FN:133,(anonymous_12)
FN:139,getWorksheetDatePayload
FN:149,(anonymous_14)
FN:194,(anonymous_15)
FN:197,(anonymous_16)
FN:229,(anonymous_17)
FN:264,loadLhuSampleRows
FN:278,(anonymous_19)
FN:295,(anonymous_20)
FNF:21
FNH:0
FNDA:0,extractNoSampelFromAssignmentItem
FNDA:0,(anonymous_1)
FNDA:0,(anonymous_2)
FNDA:0,loadSamplesMap
FNDA:0,(anonymous_4)
FNDA:0,getSampleReceivedDate
FNDA:0,getWorkflowCurrentYmd
FNDA:0,loadHolidayRows
FNDA:0,validateDeadlineAgainstSample
FNDA:0,(anonymous_9)
FNDA:0,loadSamplesByPenugasanDetail
FNDA:0,(anonymous_11)
FNDA:0,(anonymous_12)
FNDA:0,getWorksheetDatePayload
FNDA:0,(anonymous_14)
FNDA:0,(anonymous_15)
FNDA:0,(anonymous_16)
FNDA:0,(anonymous_17)
FNDA:0,loadLhuSampleRows
FNDA:0,(anonymous_19)
FNDA:0,(anonymous_20)
DA:1,0
DA:2,0
DA:3,0
DA:4,0
DA:11,0
DA:14,0
DA:16,0
DA:17,0
DA:18,0
DA:19,0
DA:20,0
DA:24,0
DA:25,0
DA:26,0
DA:27,0
DA:30,0
DA:34,0
DA:35,0
DA:37,0
DA:42,0
DA:46,0
DA:50,0
DA:51,0
DA:53,0
DA:59,0
DA:64,0
DA:65,0
DA:67,0
DA:68,0
DA:69,0
DA:74,0
DA:76,0
DA:77,0
DA:80,0
DA:88,0
DA:89,0
DA:90,0
DA:91,0
DA:92,0
DA:93,0
DA:95,0
DA:96,0
DA:97,0
DA:98,0
DA:100,0
DA:102,0
DA:103,0
DA:104,0
DA:106,0
DA:114,0
DA:118,0
DA:120,0
DA:125,0
DA:130,0
DA:131,0
DA:133,0
DA:140,0
DA:141,0
DA:143,0
DA:149,0
DA:150,0
DA:151,0
DA:152,0
DA:154,0
DA:156,0
DA:157,0
DA:159,0
DA:161,0
DA:162,0
DA:163,0
DA:164,0
DA:167,0
DA:168,0
DA:174,0
DA:177,0
DA:178,0
DA:184,0
DA:188,0
DA:190,0
DA:194,0
DA:195,0
DA:196,0
DA:197,0
DA:198,0
DA:199,0
DA:201,0
DA:202,0
DA:203,0
DA:204,0
DA:206,0
DA:208,0
DA:209,0
DA:211,0
DA:212,0
DA:214,0
DA:220,0
DA:223,0
DA:225,0
DA:229,0
DA:230,0
DA:231,0
DA:232,0
DA:236,0
DA:238,0
DA:239,0
DA:241,0
DA:242,0
DA:243,0
DA:245,0
DA:246,0
DA:248,0
DA:255,0
DA:258,0
DA:260,0
DA:265,0
DA:266,0
DA:268,0
DA:278,0
DA:279,0
DA:280,0
DA:288,0
DA:290,0
DA:291,0
DA:293,0
DA:294,0
DA:295,0
DA:298,0
DA:299,0
DA:302,0
DA:303,0
DA:305,0
DA:306,0
DA:307,0
DA:309,0
DA:310,0
DA:312,0
DA:319,0
DA:322,0
DA:324,0
DA:325,0
DA:333,0
LF:141
LH:0
BRDA:13,0,0,0
BRDA:16,1,0,0
BRDA:16,1,1,0
BRDA:16,1,2,0
BRDA:16,1,3,0
BRDA:17,2,0,0
BRDA:17,2,1,0
BRDA:20,3,0,0
BRDA:20,3,1,0
BRDA:24,4,0,0
BRDA:24,4,1,0
BRDA:26,5,0,0
BRDA:26,5,1,0
BRDA:27,6,0,0
BRDA:27,6,1,0
BRDA:33,7,0,0
BRDA:35,8,0,0
BRDA:35,8,1,0
BRDA:53,9,0,0
BRDA:53,9,1,0
BRDA:59,10,0,0
BRDA:59,10,1,0
BRDA:67,11,0,0
BRDA:67,11,1,0
BRDA:73,12,0,0
BRDA:73,13,0,0
BRDA:76,14,0,0
BRDA:76,14,1,0
BRDA:90,15,0,0
BRDA:90,15,1,0
BRDA:96,16,0,0
BRDA:96,16,1,0
BRDA:97,17,0,0
BRDA:97,17,1,0
BRDA:100,18,0,0
BRDA:100,18,1,0
BRDA:104,19,0,0
BRDA:104,19,1,0
BRDA:114,20,0,0
BRDA:114,20,1,0
BRDA:140,21,0,0
BRDA:140,21,1,0
BRDA:141,22,0,0
BRDA:141,22,1,0
BRDA:144,23,0,0
BRDA:144,23,1,0
BRDA:145,24,0,0
BRDA:145,24,1,0
BRDA:154,25,0,0
BRDA:154,25,1,0
BRDA:154,26,0,0
BRDA:154,26,1,0
BRDA:157,27,0,0
BRDA:157,27,1,0
BRDA:163,28,0,0
BRDA:163,28,1,0
BRDA:167,29,0,0
BRDA:167,29,1,0
BRDA:174,30,0,0
BRDA:174,30,1,0
BRDA:177,31,0,0
BRDA:177,31,1,0
BRDA:184,32,0,0
BRDA:184,32,1,0
BRDA:196,33,0,0
BRDA:196,33,1,0
BRDA:197,34,0,0
BRDA:197,34,1,0
BRDA:202,35,0,0
BRDA:202,35,1,0
BRDA:203,36,0,0
BRDA:203,36,1,0
BRDA:204,37,0,0
BRDA:204,37,1,0
BRDA:206,38,0,0
BRDA:206,38,1,0
BRDA:209,39,0,0
BRDA:209,39,1,0
BRDA:212,40,0,0
BRDA:212,40,1,0
BRDA:217,41,0,0
BRDA:217,41,1,0
BRDA:220,42,0,0
BRDA:220,42,1,0
BRDA:231,43,0,0
BRDA:231,43,1,0
BRDA:231,43,2,0
BRDA:231,43,3,0
BRDA:232,44,0,0
BRDA:232,44,1,0
BRDA:232,45,0,0
BRDA:232,45,1,0
BRDA:232,45,2,0
BRDA:232,45,3,0
BRDA:236,46,0,0
BRDA:236,46,1,0
BRDA:243,47,0,0
BRDA:243,47,1,0
BRDA:246,48,0,0
BRDA:246,48,1,0
BRDA:255,49,0,0
BRDA:255,49,1,0
BRDA:266,50,0,0
BRDA:266,50,1,0
BRDA:281,51,0,0
BRDA:281,51,1,0
BRDA:281,51,2,0
BRDA:281,51,3,0
BRDA:281,51,4,0
BRDA:281,51,5,0
BRDA:288,52,0,0
BRDA:288,52,1,0
BRDA:291,53,0,0
BRDA:291,53,1,0
BRDA:295,54,0,0
BRDA:295,54,1,0
BRDA:298,55,0,0
BRDA:298,55,1,0
BRDA:307,56,0,0
BRDA:307,56,1,0
BRDA:310,57,0,0
BRDA:310,57,1,0
BRDA:319,58,0,0
BRDA:319,58,1,0
BRDA:327,59,0,0
BRDA:327,59,1,0
BRF:126
BRH:0
end_of_record
TN:
SF:src\validators\common.validator.js
FN:3,(anonymous_0)
FN:5,(anonymous_1)
FN:7,(anonymous_2)
FN:9,(anonymous_3)
FN:11,(anonymous_4)
FN:19,(anonymous_5)
FN:25,(anonymous_6)
FN:30,(anonymous_7)
FN:36,(anonymous_8)
FN:38,(anonymous_9)
FN:52,(anonymous_10)
FN:52,(anonymous_11)
FN:62,(anonymous_12)
FN:62,(anonymous_13)
FN:72,(anonymous_14)
FN:79,(anonymous_15)
FNF:16
FNH:11
FNDA:157,(anonymous_0)
FNDA:40,(anonymous_1)
FNDA:3,(anonymous_2)
FNDA:26,(anonymous_3)
FNDA:9,(anonymous_4)
FNDA:9,(anonymous_5)
FNDA:27,(anonymous_6)
FNDA:0,(anonymous_7)
FNDA:0,(anonymous_8)
FNDA:0,(anonymous_9)
FNDA:18,(anonymous_10)
FNDA:27,(anonymous_11)
FNDA:0,(anonymous_12)
FNDA:0,(anonymous_13)
FNDA:17,(anonymous_14)
FNDA:6,(anonymous_15)
DA:1,6
DA:3,157
DA:5,40
DA:7,6
DA:9,26
DA:11,6
DA:12,9
DA:13,9
DA:14,9
DA:15,9
DA:16,9
DA:19,6
DA:20,9
DA:21,9
DA:25,6
DA:26,27
DA:27,27
DA:30,6
DA:31,0
DA:32,0
DA:33,0
DA:36,6
DA:38,6
DA:39,0
DA:41,0
DA:42,0
DA:44,0
DA:45,0
DA:48,0
DA:52,18
DA:53,27
DA:55,27
DA:56,0
DA:59,27
DA:62,6
DA:63,0
DA:65,0
DA:66,0
DA:69,0
DA:72,6
DA:73,17
DA:74,17
DA:75,17
DA:76,17
DA:79,6
DA:80,6
DA:81,6
DA:82,6
DA:83,6
DA:86,6
LF:50
LH:36
BRDA:3,0,0,157
BRDA:3,0,1,4
BRDA:7,1,0,3
BRDA:21,2,0,9
BRDA:21,2,1,9
BRDA:25,3,0,0
BRDA:27,4,0,27
BRDA:27,4,1,27
BRDA:27,4,2,27
BRDA:32,5,0,0
BRDA:32,5,1,0
BRDA:36,6,0,0
BRDA:38,7,0,0
BRDA:39,8,0,0
BRDA:39,8,1,0
BRDA:39,9,0,0
BRDA:39,9,1,0
BRDA:39,9,2,0
BRDA:44,10,0,0
BRDA:44,10,1,0
BRDA:52,11,0,0
BRDA:52,12,0,0
BRDA:52,13,0,0
BRDA:55,14,0,0
BRDA:55,14,1,27
BRDA:62,15,0,0
BRDA:62,16,0,0
BRDA:65,17,0,0
BRDA:65,17,1,0
BRDA:72,18,0,0
BRDA:72,19,0,6
BRDA:73,20,0,0
BRDA:73,20,1,17
BRDA:73,21,0,0
BRDA:73,21,1,0
BRDA:74,22,0,0
BRDA:74,22,1,17
BRDA:75,23,0,0
BRDA:75,23,1,17
BRDA:75,24,0,17
BRDA:75,24,1,9
BRDA:79,25,0,0
BRDA:81,26,0,0
BRDA:81,26,1,6
BRDA:81,27,0,0
BRDA:81,27,1,0
BRDA:82,28,0,0
BRDA:82,28,1,6
BRF:48
BRH:17
end_of_record
TN:
SF:src\validators\lhu.validator.js
FN:10,(anonymous_0)
FN:14,(anonymous_1)
FN:23,(anonymous_2)
FN:31,(anonymous_3)
FN:60,(anonymous_4)
FNF:5
FNH:5
FNDA:1,(anonymous_0)
FNDA:1,(anonymous_1)
FNDA:1,(anonymous_2)
FNDA:1,(anonymous_3)
FNDA:1,(anonymous_4)
DA:7,6
DA:8,6
DA:10,6
DA:11,1
DA:12,1
DA:13,1
DA:14,1
DA:17,1
DA:18,1
DA:20,1
DA:23,6
DA:24,1
DA:25,0
DA:28,1
DA:31,6
DA:32,1
DA:34,1
DA:36,1
DA:42,1
DA:44,1
DA:45,1
DA:50,1
DA:52,1
DA:53,1
DA:55,1
DA:57,1
DA:60,6
DA:61,1
DA:63,1
DA:64,1
DA:65,1
DA:67,1
DA:70,6
LF:33
LH:32
BRDA:11,0,0,1
BRDA:11,0,1,0
BRDA:12,1,0,1
BRDA:12,1,1,0
BRDA:12,1,2,0
BRDA:12,1,3,0
BRDA:13,2,0,1
BRDA:13,2,1,0
BRDA:17,3,0,0
BRDA:17,3,1,1
BRDA:17,4,0,1
BRDA:17,4,1,0
BRDA:17,5,0,0
BRDA:17,5,1,0
BRDA:18,6,0,0
BRDA:18,6,1,1
BRDA:18,7,0,1
BRDA:18,7,1,0
BRDA:24,8,0,0
BRDA:24,8,1,1
BRDA:24,9,0,1
BRDA:24,9,1,0
BRDA:24,9,2,0
BRDA:32,10,0,1
BRDA:32,10,1,0
BRDA:34,11,0,0
BRDA:34,11,1,1
BRDA:34,12,0,1
BRDA:34,12,1,0
BRDA:37,13,0,1
BRDA:37,13,1,0
BRDA:42,14,0,0
BRDA:42,14,1,1
BRDA:44,15,0,1
BRDA:44,15,1,0
BRDA:50,16,0,0
BRDA:50,16,1,1
BRDA:53,17,0,0
BRDA:53,17,1,1
BRDA:55,18,0,0
BRDA:55,18,1,1
BRDA:61,19,0,1
BRDA:61,19,1,0
BRDA:63,20,0,0
BRDA:63,20,1,1
BRDA:63,21,0,1
BRDA:63,21,1,0
BRDA:64,22,0,0
BRDA:64,22,1,1
BRDA:64,23,0,1
BRDA:64,23,1,0
BRDA:65,24,0,0
BRDA:65,24,1,1
BRDA:65,25,0,1
BRDA:65,25,1,0
BRF:55
BRH:25
end_of_record
TN:
SF:src\validators\request.validator.js
FN:10,(anonymous_0)
FN:19,(anonymous_1)
FN:20,(anonymous_2)
FN:21,(anonymous_3)
FN:22,(anonymous_4)
FN:23,(anonymous_5)
FN:91,(anonymous_6)
FN:93,(anonymous_7)
FN:111,(anonymous_8)
FN:119,(anonymous_9)
FN:125,(anonymous_10)
FN:132,(anonymous_11)
FN:157,(anonymous_12)
FN:171,(anonymous_13)
FN:181,(anonymous_14)
FN:192,(anonymous_15)
FN:219,(anonymous_16)
FN:229,(anonymous_17)
FN:266,(anonymous_18)
FN:285,(anonymous_19)
FN:292,(anonymous_20)
FN:311,(anonymous_21)
FNF:22
FNH:19
FNDA:6,(anonymous_0)
FNDA:56,(anonymous_1)
FNDA:7,(anonymous_2)
FNDA:41,(anonymous_3)
FNDA:5,(anonymous_4)
FNDA:4,(anonymous_5)
FNDA:3,(anonymous_6)
FNDA:3,(anonymous_7)
FNDA:2,(anonymous_8)
FNDA:2,(anonymous_9)
FNDA:3,(anonymous_10)
FNDA:2,(anonymous_11)
FNDA:2,(anonymous_12)
FNDA:0,(anonymous_13)
FNDA:1,(anonymous_14)
FNDA:2,(anonymous_15)
FNDA:1,(anonymous_16)
FNDA:1,(anonymous_17)
FNDA:2,(anonymous_18)
FNDA:0,(anonymous_19)
FNDA:0,(anonymous_20)
FNDA:3,(anonymous_21)
DA:1,6
DA:7,6
DA:8,6
DA:10,6
DA:17,6
DA:19,56
DA:20,7
DA:21,41
DA:22,6
DA:23,6
DA:25,6
DA:26,1
DA:29,5
DA:30,1
DA:33,4
DA:34,1
DA:37,3
DA:38,3
DA:40,3
DA:42,3
DA:43,0
DA:46,3
DA:47,0
DA:50,3
DA:52,3
DA:53,2
DA:54,0
DA:57,2
DA:63,2
DA:65,2
DA:70,2
DA:72,2
DA:73,1
DA:74,1
DA:75,0
DA:78,1
DA:84,1
DA:86,1
DA:88,0
DA:91,3
DA:92,3
DA:93,3
DA:94,3
DA:95,3
DA:97,0
DA:100,3
DA:101,3
DA:104,3
DA:105,0
DA:108,3
DA:111,6
DA:112,2
DA:113,2
DA:114,0
DA:116,2
DA:119,6
DA:120,2
DA:121,2
DA:122,0
DA:125,6
DA:126,3
DA:128,3
DA:129,1
DA:132,2
DA:133,2
DA:135,2
DA:136,2
DA:138,2
DA:140,2
DA:141,2
DA:143,2
DA:146,2
DA:147,0
DA:154,2
DA:157,6
DA:158,2
DA:160,2
DA:161,0
DA:164,2
DA:165,0
DA:168,2
DA:171,6
DA:172,0
DA:174,0
DA:175,0
DA:178,0
DA:181,6
DA:182,1
DA:183,1
DA:184,0
DA:186,1
DA:187,0
DA:189,1
DA:192,6
DA:193,2
DA:194,2
DA:196,2
DA:202,2
DA:204,2
DA:209,2
DA:211,2
DA:212,2
DA:214,1
DA:219,6
DA:220,1
DA:222,1
DA:223,0
DA:226,1
DA:229,6
DA:230,1
DA:231,1
DA:232,1
DA:233,1
DA:234,1
DA:235,1
DA:237,1
DA:238,1
DA:239,0
DA:242,1
DA:248,1
DA:250,1
DA:255,1
DA:257,1
DA:258,1
DA:260,1
DA:261,1
DA:263,1
DA:266,6
DA:267,2
DA:268,2
DA:270,2
DA:271,0
DA:274,2
DA:275,1
DA:278,1
DA:279,0
DA:282,1
DA:285,6
DA:286,0
DA:288,0
DA:289,0
DA:292,0
DA:293,0
DA:298,0
DA:299,0
DA:306,0
DA:309,6
DA:311,6
DA:312,3
DA:313,3
DA:315,3
DA:316,1
DA:319,2
DA:320,2
DA:321,2
DA:323,2
DA:325,2
DA:331,2
DA:333,2
DA:334,2
DA:335,0
DA:338,2
DA:339,2
DA:340,0
DA:343,2
DA:344,2
DA:345,0
DA:348,2
DA:349,0
DA:352,2
DA:353,2
DA:354,0
DA:357,2
DA:358,0
DA:362,2
DA:365,6
LF:176
LH:140
BRDA:19,0,0,56
BRDA:19,0,1,0
BRDA:20,1,0,7
BRDA:20,1,1,0
BRDA:25,2,0,1
BRDA:25,2,1,5
BRDA:25,3,0,6
BRDA:25,3,1,6
BRDA:25,3,2,6
BRDA:25,3,3,5
BRDA:25,3,4,5
BRDA:29,4,0,1
BRDA:29,4,1,4
BRDA:33,5,0,1
BRDA:33,5,1,3
BRDA:40,6,0,3
BRDA:40,6,1,0
BRDA:42,7,0,0
BRDA:42,7,1,3
BRDA:42,8,0,3
BRDA:42,8,1,3
BRDA:42,8,2,3
BRDA:46,9,0,0
BRDA:46,9,1,3
BRDA:46,10,0,3
BRDA:46,10,1,0
BRDA:52,11,0,2
BRDA:52,11,1,1
BRDA:53,12,0,0
BRDA:53,12,1,2
BRDA:53,13,0,2
BRDA:53,13,1,2
BRDA:53,13,2,2
BRDA:63,14,0,0
BRDA:63,14,1,2
BRDA:70,15,0,0
BRDA:70,15,1,2
BRDA:73,16,0,1
BRDA:73,16,1,0
BRDA:74,17,0,0
BRDA:74,17,1,1
BRDA:84,18,0,0
BRDA:84,18,1,1
BRDA:92,19,0,3
BRDA:92,19,1,0
BRDA:94,20,0,0
BRDA:94,20,1,3
BRDA:95,21,0,3
BRDA:95,21,1,0
BRDA:95,22,0,3
BRDA:95,22,1,3
BRDA:100,23,0,3
BRDA:100,23,1,0
BRDA:101,24,0,3
BRDA:101,24,1,3
BRDA:101,24,2,3
BRDA:101,24,3,3
BRDA:101,24,4,3
BRDA:101,25,0,3
BRDA:101,25,1,0
BRDA:104,26,0,0
BRDA:104,26,1,3
BRDA:113,27,0,0
BRDA:113,27,1,2
BRDA:113,28,0,2
BRDA:113,28,1,2
BRDA:120,29,0,0
BRDA:120,29,1,2
BRDA:120,30,0,2
BRDA:120,30,1,2
BRDA:120,30,2,2
BRDA:121,31,0,2
BRDA:121,31,1,0
BRDA:121,32,0,2
BRDA:121,32,1,2
BRDA:121,32,2,0
BRDA:128,33,0,1
BRDA:128,33,1,2
BRDA:128,34,0,3
BRDA:128,34,1,3
BRDA:133,35,0,0
BRDA:133,35,1,2
BRDA:133,36,0,2
BRDA:133,36,1,2
BRDA:136,37,0,0
BRDA:136,37,1,2
BRDA:138,38,0,0
BRDA:138,38,1,2
BRDA:138,39,0,2
BRDA:138,39,1,2
BRDA:140,40,0,2
BRDA:140,40,1,0
BRDA:141,41,0,0
BRDA:141,41,1,2
BRDA:146,42,0,0
BRDA:146,42,1,2
BRDA:160,43,0,0
BRDA:160,43,1,2
BRDA:160,44,0,2
BRDA:160,44,1,2
BRDA:164,45,0,0
BRDA:164,45,1,2
BRDA:164,46,0,2
BRDA:164,46,1,1
BRDA:174,47,0,0
BRDA:174,47,1,0
BRDA:174,48,0,0
BRDA:174,48,1,0
BRDA:183,49,0,0
BRDA:183,49,1,1
BRDA:183,50,0,1
BRDA:183,50,1,1
BRDA:186,51,0,0
BRDA:186,51,1,1
BRDA:186,52,0,1
BRDA:186,52,1,0
BRDA:193,53,0,2
BRDA:193,53,1,0
BRDA:193,53,2,0
BRDA:193,53,3,0
BRDA:194,54,0,2
BRDA:194,54,1,0
BRDA:194,54,2,0
BRDA:194,54,3,0
BRDA:202,55,0,0
BRDA:202,55,1,2
BRDA:209,56,0,0
BRDA:209,56,1,2
BRDA:212,57,0,1
BRDA:212,57,1,1
BRDA:220,58,0,1
BRDA:220,58,1,0
BRDA:220,58,2,0
BRDA:222,59,0,0
BRDA:222,59,1,1
BRDA:230,60,0,1
BRDA:230,60,1,0
BRDA:231,61,0,1
BRDA:231,61,1,0
BRDA:231,61,2,0
BRDA:232,62,0,1
BRDA:232,62,1,0
BRDA:233,63,0,1
BRDA:233,63,1,0
BRDA:234,64,0,1
BRDA:234,64,1,0
BRDA:235,65,0,1
BRDA:235,65,1,0
BRDA:235,65,2,0
BRDA:237,66,0,0
BRDA:237,66,1,1
BRDA:238,67,0,0
BRDA:238,67,1,1
BRDA:248,68,0,0
BRDA:248,68,1,1
BRDA:255,69,0,0
BRDA:255,69,1,1
BRDA:258,70,0,0
BRDA:258,70,1,1
BRDA:260,71,0,0
BRDA:260,71,1,1
BRDA:261,72,0,0
BRDA:261,72,1,1
BRDA:268,73,0,2
BRDA:268,73,1,1
BRDA:268,73,2,1
BRDA:270,74,0,0
BRDA:270,74,1,2
BRDA:274,75,0,1
BRDA:274,75,1,1
BRDA:274,76,0,2
BRDA:274,76,1,1
BRDA:278,77,0,0
BRDA:278,77,1,1
BRDA:288,78,0,0
BRDA:288,78,1,0
BRDA:288,79,0,0
BRDA:288,79,1,0
BRDA:293,80,0,0
BRDA:293,80,1,0
BRDA:293,80,2,0
BRDA:293,81,0,0
BRDA:293,81,1,0
BRDA:294,82,0,0
BRDA:294,82,1,0
BRDA:295,83,0,0
BRDA:295,83,1,0
BRDA:298,84,0,0
BRDA:298,84,1,0
BRDA:312,85,0,3
BRDA:312,85,1,0
BRDA:313,86,0,0
BRDA:313,86,1,3
BRDA:313,87,0,3
BRDA:313,87,1,0
BRDA:315,88,0,1
BRDA:315,88,1,2
BRDA:320,89,0,2
BRDA:320,89,1,0
BRDA:321,90,0,2
BRDA:321,90,1,0
BRDA:321,90,2,0
BRDA:321,90,3,0
BRDA:323,91,0,2
BRDA:323,91,1,2
BRDA:323,91,2,0
BRDA:323,91,3,0
BRDA:331,92,0,0
BRDA:331,92,1,2
BRDA:333,93,0,2
BRDA:333,93,1,2
BRDA:333,93,2,0
BRDA:333,93,3,0
BRDA:333,93,4,0
BRDA:334,94,0,0
BRDA:334,94,1,2
BRDA:338,95,0,2
BRDA:338,95,1,2
BRDA:338,95,2,0
BRDA:338,95,3,0
BRDA:339,96,0,0
BRDA:339,96,1,2
BRDA:343,97,0,2
BRDA:343,97,1,2
BRDA:343,97,2,0
BRDA:343,97,3,0
BRDA:344,98,0,0
BRDA:344,98,1,2
BRDA:348,99,0,0
BRDA:348,99,1,2
BRDA:352,100,0,2
BRDA:352,100,1,0
BRDA:353,101,0,0
BRDA:353,101,1,2
BRDA:357,102,0,0
BRDA:357,102,1,2
BRDA:357,103,0,2
BRDA:357,103,1,2
BRDA:357,103,2,2
BRDA:357,103,3,2
BRDA:357,103,4,2
BRF:241
BRH:137
end_of_record
